generation 10000:
name	number_accepted	number_rejected	weight	weight_prob	tuning_parameter
DirichletProcessGibbsSampler	1859	0	10	0.188679	none	
ConcentrationScaler	315	253	3	0.0566038	1.79138	
TimeSizeRateMixer	2030	5484	6	0.113208	0.0254015	
TimeRootSizeMixer	2437	4696	6	0.113208	0.0379548	
EventTimeScaler	10021	18402	1	0.0188679	0.06115	
MutationRateScaler0	675	1734	1	0.0188679	0.043831	
RootPopulationSizeScaler0	885	1507	1	0.0188679	0.0621928	
LeafPopulationSizeScaler0	945	1440	1	0.0188679	0.0448315	
MutationRateScaler1	65	2318	1	0.0188679	0.0231161	
RootPopulationSizeScaler1	638	1742	1	0.0188679	0.0843991	
LeafPopulationSizeScaler1	87	2282	1	0.0188679	0.0129363	
MutationRateScaler2	644	1741	1	0.0188679	0.0548312	
RootPopulationSizeScaler2	802	1589	1	0.0188679	0.0772108	
LeafPopulationSizeScaler2	846	1554	1	0.0188679	0.0583354	
MutationRateScaler3	696	1698	1	0.0188679	0.0571096	
RootPopulationSizeScaler3	988	1401	1	0.0188679	0.0701513	
LeafPopulationSizeScaler3	1037	1334	1	0.0188679	0.0644019	
MutationRateScaler4	397	1988	1	0.0188679	0.0476969	
RootPopulationSizeScaler4	644	1742	1	0.0188679	0.0645946	
LeafPopulationSizeScaler4	628	1766	1	0.0188679	0.0381582	
MutationRateScaler5	589	1823	1	0.0188679	0.052777	
RootPopulationSizeScaler5	769	1630	1	0.0188679	0.069221	
LeafPopulationSizeScaler5	913	1475	1	0.0188679	0.0506081	
MutationRateScaler6	54	2328	1	0.0188679	0.0259323	
RootPopulationSizeScaler6	668	1710	1	0.0188679	0.053099	
LeafPopulationSizeScaler6	149	2208	1	0.0188679	0.00803238	
MutationRateScaler7	8	2380	1	0.0188679	0.0173568	
RootPopulationSizeScaler7	627	1744	1	0.0188679	0.0685505	
LeafPopulationSizeScaler7	33	2353	1	0.0188679	0.00950196	
MutationRateScaler8	327	2036	1	0.0188679	0.0437547	
RootPopulationSizeScaler8	660	1712	1	0.0188679	0.0645585	
LeafPopulationSizeScaler8	594	1807	1	0.0188679	0.0215682	
generation 20000:
name	number_accepted	number_rejected	weight	weight_prob	tuning_parameter
DirichletProcessGibbsSampler	3722	0	10	0.188679	none	
ConcentrationScaler	609	560	3	0.0566038	1.84506	
TimeSizeRateMixer	4682	10902	6	0.113208	0.0233192	
TimeRootSizeMixer	5188	9569	6	0.113208	0.0359571	
EventTimeScaler	22159	36451	1	0.0188679	0.0592897	
MutationRateScaler0	1455	3350	1	0.0188679	0.0406093	
RootPopulationSizeScaler0	1888	2917	1	0.0188679	0.0612268	
LeafPopulationSizeScaler0	1970	2814	1	0.0188679	0.0442848	
MutationRateScaler1	135	4638	1	0.0188679	0.0173589	
RootPopulationSizeScaler1	1439	3342	1	0.0188679	0.0782679	
LeafPopulationSizeScaler1	237	4515	1	0.0188679	0.0099053	
MutationRateScaler2	1410	3390	1	0.0188679	0.0499101	
RootPopulationSizeScaler2	1674	3148	1	0.0188679	0.0730594	
LeafPopulationSizeScaler2	1855	2929	1	0.0188679	0.0576895	
MutationRateScaler3	1510	3284	1	0.0188679	0.0530147	
RootPopulationSizeScaler3	2016	2789	1	0.0188679	0.069529	
LeafPopulationSizeScaler3	2045	2733	1	0.0188679	0.0637382	
MutationRateScaler4	874	3897	1	0.0188679	0.0401472	
RootPopulationSizeScaler4	1379	3401	1	0.0188679	0.0589787	
LeafPopulationSizeScaler4	1408	3401	1	0.0188679	0.0349642	
MutationRateScaler5	1299	3518	1	0.0188679	0.0477826	
RootPopulationSizeScaler5	1624	3183	1	0.0188679	0.0654257	
LeafPopulationSizeScaler5	1904	2875	1	0.0188679	0.0496403	
MutationRateScaler6	136	4647	1	0.0188679	0.0195227	
RootPopulationSizeScaler6	1473	3309	1	0.0188679	0.0491131	
LeafPopulationSizeScaler6	423	4373	1	0.0188679	0.00633741	
MutationRateScaler7	12	4792	1	0.0188679	0.0127537	
RootPopulationSizeScaler7	1425	3341	1	0.0188679	0.0637339	
LeafPopulationSizeScaler7	40	4751	1	0.0188679	0.00699946	
MutationRateScaler8	706	4037	1	0.0188679	0.0359048	
RootPopulationSizeScaler8	1460	3343	1	0.0188679	0.0596152	
LeafPopulationSizeScaler8	1445	3371	1	0.0188679	0.0201505	
generation 30000:
name	number_accepted	number_rejected	weight	weight_prob	tuning_parameter
DirichletProcessGibbsSampler	5602	0	10	0.188679	none	
ConcentrationScaler	873	854	3	0.0566038	1.87282	
TimeSizeRateMixer	7511	16315	6	0.113208	0.0223419	
TimeRootSizeMixer	8263	14503	6	0.113208	0.0350526	
EventTimeScaler	34880	54742	1	0.0188679	0.0584728	
MutationRateScaler0	2288	4972	1	0.0188679	0.0389979	
RootPopulationSizeScaler0	2916	4355	1	0.0188679	0.0606884	
LeafPopulationSizeScaler0	3026	4264	1	0.0188679	0.0442199	
MutationRateScaler1	204	7031	1	0.0188679	0.0146273	
RootPopulationSizeScaler1	2266	4976	1	0.0188679	0.0751099	
LeafPopulationSizeScaler1	395	6836	1	0.0188679	0.00845868	
MutationRateScaler2	2219	5029	1	0.0188679	0.0475686	
RootPopulationSizeScaler2	2620	4682	1	0.0188679	0.0715323	
LeafPopulationSizeScaler2	2841	4409	1	0.0188679	0.0567829	
MutationRateScaler3	2414	4852	1	0.0188679	0.0513482	
RootPopulationSizeScaler3	3051	4230	1	0.0188679	0.0688477	
LeafPopulationSizeScaler3	3062	4182	1	0.0188679	0.06297	
MutationRateScaler4	1418	5830	1	0.0188679	0.036665	
RootPopulationSizeScaler4	2192	5036	1	0.0188679	0.0563345	
LeafPopulationSizeScaler4	2185	5098	1	0.0188679	0.0331675	
MutationRateScaler5	2137	5161	1	0.0188679	0.045612	
RootPopulationSizeScaler5	2579	4704	1	0.0188679	0.0637128	
LeafPopulationSizeScaler5	2982	4264	1	0.0188679	0.0495402	
MutationRateScaler6	229	7011	1	0.0188679	0.0165265	
RootPopulationSizeScaler6	2361	4892	1	0.0188679	0.0474888	
LeafPopulationSizeScaler6	737	6538	1	0.0188679	0.00555993	
MutationRateScaler7	16	7268	1	0.0188679	0.0106213	
RootPopulationSizeScaler7	2250	4991	1	0.0188679	0.0608746	
LeafPopulationSizeScaler7	47	7203	1	0.0188679	0.00583668	
MutationRateScaler8	1166	6016	1	0.0188679	0.032378	
RootPopulationSizeScaler8	2322	4932	1	0.0188679	0.0575532	
LeafPopulationSizeScaler8	2276	5008	1	0.0188679	0.0193482	
generation 40000:
name	number_accepted	number_rejected	weight	weight_prob	tuning_parameter
DirichletProcessGibbsSampler	7483	0	10	0.188679	none	
ConcentrationScaler	1171	1135	3	0.0566038	1.91192	
TimeSizeRateMixer	9922	21581	6	0.113208	0.0215637	
TimeRootSizeMixer	11052	18882	6	0.113208	0.0345807	
EventTimeScaler	45582	72120	1	0.0188679	0.057571	
MutationRateScaler0	3164	6603	1	0.0188679	0.0378963	
RootPopulationSizeScaler0	3955	5799	1	0.0188679	0.0602047	
LeafPopulationSizeScaler0	4085	5699	1	0.0188679	0.0439332	
MutationRateScaler1	302	9431	1	0.0188679	0.0129863	
RootPopulationSizeScaler1	3124	6592	1	0.0188679	0.0731769	
LeafPopulationSizeScaler1	574	9141	1	0.0188679	0.00758068	
MutationRateScaler2	3059	6675	1	0.0188679	0.0460534	
RootPopulationSizeScaler2	3603	6208	1	0.0188679	0.0705144	
LeafPopulationSizeScaler2	3813	5913	1	0.0188679	0.0561538	
MutationRateScaler3	3319	6438	1	0.0188679	0.0501809	
RootPopulationSizeScaler3	4106	5644	1	0.0188679	0.0686605	
LeafPopulationSizeScaler3	4126	5632	1	0.0188679	0.0628124	
MutationRateScaler4	2036	7721	1	0.0188679	0.0345871	
RootPopulationSizeScaler4	3059	6667	1	0.0188679	0.054821	
LeafPopulationSizeScaler4	2970	6774	1	0.0188679	0.0320429	
MutationRateScaler5	2944	6855	1	0.0188679	0.0440943	
RootPopulationSizeScaler5	3554	6249	1	0.0188679	0.0626503	
LeafPopulationSizeScaler5	4070	5659	1	0.0188679	0.0492804	
MutationRateScaler6	345	9400	1	0.0188679	0.0147053	
RootPopulationSizeScaler6	3285	6480	1	0.0188679	0.0464487	
LeafPopulationSizeScaler6	1056	8721	1	0.0188679	0.00507459	
MutationRateScaler7	19	9772	1	0.0188679	0.009327	
RootPopulationSizeScaler7	3177	6566	1	0.0188679	0.0595862	
LeafPopulationSizeScaler7	61	9708	1	0.0188679	0.00512535	
MutationRateScaler8	1749	7931	1	0.0188679	0.0303326	
RootPopulationSizeScaler8	3220	6533	1	0.0188679	0.056177	
LeafPopulationSizeScaler8	3101	6656	1	0.0188679	0.0187615	
generation 50000:
name	number_accepted	number_rejected	weight	weight_prob	tuning_parameter
DirichletProcessGibbsSampler	9402	0	10	0.188679	none	
ConcentrationScaler	1444	1438	3	0.0566038	1.92557	
TimeSizeRateMixer	12137	26329	6	0.113208	0.021048	
TimeRootSizeMixer	13887	23139	6	0.113208	0.0342351	
EventTimeScaler	56354	88832	1	0.0188679	0.0570056	
MutationRateScaler0	4011	8120	1	0.0188679	0.0372012	
RootPopulationSizeScaler0	4976	7161	1	0.0188679	0.0600809	
LeafPopulationSizeScaler0	5102	7050	1	0.0188679	0.0437174	
MutationRateScaler1	398	11734	1	0.0188679	0.0119	
RootPopulationSizeScaler1	3964	8126	1	0.0188679	0.0718852	
LeafPopulationSizeScaler1	767	11329	1	0.0188679	0.00700291	
MutationRateScaler2	3901	8203	1	0.0188679	0.0451606	
RootPopulationSizeScaler2	4477	7704	1	0.0188679	0.0695075	
LeafPopulationSizeScaler2	4794	7296	1	0.0188679	0.0558473	
MutationRateScaler3	4197	7925	1	0.0188679	0.0494303	
RootPopulationSizeScaler3	5093	7041	1	0.0188679	0.068276	
LeafPopulationSizeScaler3	5148	6985	1	0.0188679	0.0627807	
MutationRateScaler4	2647	9478	1	0.0188679	0.0332281	
RootPopulationSizeScaler4	3938	8158	1	0.0188679	0.0539205	
LeafPopulationSizeScaler4	3714	8410	1	0.0188679	0.0312192	
MutationRateScaler5	3739	8424	1	0.0188679	0.0431659	
RootPopulationSizeScaler5	4468	7714	1	0.0188679	0.0618646	
LeafPopulationSizeScaler5	5145	6982	1	0.0188679	0.0492272	
MutationRateScaler6	473	11648	1	0.0188679	0.0135083	
RootPopulationSizeScaler6	4131	7980	1	0.0188679	0.045655	
LeafPopulationSizeScaler6	1388	10759	1	0.0188679	0.00475616	
MutationRateScaler7	27	12137	1	0.0188679	0.0084821	
RootPopulationSizeScaler7	4081	8045	1	0.0188679	0.0587137	
LeafPopulationSizeScaler7	68	12097	1	0.0188679	0.00465638	
MutationRateScaler8	2341	9723	1	0.0188679	0.0290249	
RootPopulationSizeScaler8	4085	8041	1	0.0188679	0.055138	
LeafPopulationSizeScaler8	3982	8155	1	0.0188679	0.0184769	
generation 60000:
name	number_accepted	number_rejected	weight	weight_prob	tuning_parameter
DirichletProcessGibbsSampler	11284	0	10	0.188679	none	
ConcentrationScaler	1696	1764	3	0.0566038	1.92594	
TimeSizeRateMixer	14447	31335	6	0.113208	0.0206004	
TimeRootSizeMixer	16769	27558	6	0.113208	0.0339655	
EventTimeScaler	67265	105722	1	0.0188679	0.0565375	
MutationRateScaler0	4904	9689	1	0.0188679	0.0366607	
RootPopulationSizeScaler0	6021	8595	1	0.0188679	0.0598235	
LeafPopulationSizeScaler0	6171	8446	1	0.0188679	0.0435893	
MutationRateScaler1	505	14103	1	0.0188679	0.0110553	
RootPopulationSizeScaler1	4872	9683	1	0.0188679	0.0709219	
LeafPopulationSizeScaler1	981	13591	1	0.0188679	0.00655629	
MutationRateScaler2	4772	9833	1	0.0188679	0.0443436	
RootPopulationSizeScaler2	5447	9204	1	0.0188679	0.0688336	
LeafPopulationSizeScaler2	5816	8738	1	0.0188679	0.0555632	
MutationRateScaler3	5127	9440	1	0.0188679	0.048902	
RootPopulationSizeScaler3	6143	8459	1	0.0188679	0.0681177	
LeafPopulationSizeScaler3	6180	8412	1	0.0188679	0.0625532	
MutationRateScaler4	3286	11298	1	0.0188679	0.0321525	
RootPopulationSizeScaler4	4818	9742	1	0.0188679	0.0530369	
LeafPopulationSizeScaler4	4580	10035	1	0.0188679	0.0307308	
MutationRateScaler5	4583	10039	1	0.0188679	0.0423914	
RootPopulationSizeScaler5	5426	9235	1	0.0188679	0.0612643	
LeafPopulationSizeScaler5	6230	8353	1	0.0188679	0.0492442	
MutationRateScaler6	600	13984	1	0.0188679	0.0125688	
RootPopulationSizeScaler6	5029	9563	1	0.0188679	0.0450332	
LeafPopulationSizeScaler6	1758	12864	1	0.0188679	0.004508	
MutationRateScaler7	33	14630	1	0.0188679	0.00781602	
RootPopulationSizeScaler7	5014	9576	1	0.0188679	0.0580169	
LeafPopulationSizeScaler7	100	14544	1	0.0188679	0.00429957	
MutationRateScaler8	2934	11620	1	0.0188679	0.0279515	
RootPopulationSizeScaler8	4957	9639	1	0.0188679	0.0542894	
LeafPopulationSizeScaler8	4835	9784	1	0.0188679	0.0181563	
generation 70000:
name	number_accepted	number_rejected	weight	weight_prob	tuning_parameter
DirichletProcessGibbsSampler	13198	0	10	0.188679	none	
ConcentrationScaler	1961	2008	3	0.0566038	1.9443	
TimeSizeRateMixer	16625	36370	6	0.113208	0.020191	
TimeRootSizeMixer	19731	31930	6	0.113208	0.0337787	
EventTimeScaler	78214	122527	1	0.0188679	0.0561477	
MutationRateScaler0	5788	11269	1	0.0188679	0.0361949	
RootPopulationSizeScaler0	7076	10038	1	0.0188679	0.0596071	
LeafPopulationSizeScaler0	7240	9864	1	0.0188679	0.0435379	
MutationRateScaler1	620	16472	1	0.0188679	0.0103929	
RootPopulationSizeScaler1	5785	11250	1	0.0188679	0.0701292	
LeafPopulationSizeScaler1	1211	15837	1	0.0188679	0.00620536	
MutationRateScaler2	5652	11446	1	0.0188679	0.0437605	
RootPopulationSizeScaler2	6422	10691	1	0.0188679	0.0683587	
LeafPopulationSizeScaler2	6900	10133	1	0.0188679	0.0555242	
MutationRateScaler3	6067	10997	1	0.0188679	0.0483325	
RootPopulationSizeScaler3	7214	9871	1	0.0188679	0.0680615	
LeafPopulationSizeScaler3	7257	9816	1	0.0188679	0.0624092	
MutationRateScaler4	3925	13155	1	0.0188679	0.031239	
RootPopulationSizeScaler4	5752	11318	1	0.0188679	0.0524812	
LeafPopulationSizeScaler4	5495	11608	1	0.0188679	0.0303963	
MutationRateScaler5	5468	11612	1	0.0188679	0.0418955	
RootPopulationSizeScaler5	6412	10754	1	0.0188679	0.0607919	
LeafPopulationSizeScaler5	7307	9791	1	0.0188679	0.0491926	
MutationRateScaler6	766	16311	1	0.0188679	0.0118427	
RootPopulationSizeScaler6	5963	11126	1	0.0188679	0.0445548	
LeafPopulationSizeScaler6	2145	14978	1	0.0188679	0.00430986	
MutationRateScaler7	44	17106	1	0.0188679	0.00729983	
RootPopulationSizeScaler7	5965	11122	1	0.0188679	0.0574733	
LeafPopulationSizeScaler7	115	17010	1	0.0188679	0.00401723	
MutationRateScaler8	3524	13494	1	0.0188679	0.0271002	
RootPopulationSizeScaler8	5904	11160	1	0.0188679	0.0537943	
LeafPopulationSizeScaler8	5777	11326	1	0.0188679	0.0179669	
generation 80000:
name	number_accepted	number_rejected	weight	weight_prob	tuning_parameter
DirichletProcessGibbsSampler	15116	0	10	0.188679	none	
ConcentrationScaler	2241	2287	3	0.0566038	1.9603	
TimeSizeRateMixer	18582	40986	6	0.113208	0.019853	
TimeRootSizeMixer	22608	35999	6	0.113208	0.0336587	
EventTimeScaler	88308	138671	1	0.0188679	0.0557594	
MutationRateScaler0	6732	12757	1	0.0188679	0.0358987	
RootPopulationSizeScaler0	8123	11420	1	0.0188679	0.0596127	
LeafPopulationSizeScaler0	8267	11237	1	0.0188679	0.0434679	
MutationRateScaler1	759	18736	1	0.0188679	0.00987959	
RootPopulationSizeScaler1	6701	12752	1	0.0188679	0.0695334	
LeafPopulationSizeScaler1	1431	18027	1	0.0188679	0.00592917	
MutationRateScaler2	6560	12960	1	0.0188679	0.0433331	
RootPopulationSizeScaler2	7412	12127	1	0.0188679	0.0679912	
LeafPopulationSizeScaler2	7909	11529	1	0.0188679	0.0553534	
MutationRateScaler3	7036	12450	1	0.0188679	0.0480632	
RootPopulationSizeScaler3	8221	11272	1	0.0188679	0.0679098	
LeafPopulationSizeScaler3	8297	11195	1	0.0188679	0.0623292	
MutationRateScaler4	4617	14877	1	0.0188679	0.0305902	
RootPopulationSizeScaler4	6624	12860	1	0.0188679	0.0519722	
LeafPopulationSizeScaler4	6349	13158	1	0.0188679	0.0300627	
MutationRateScaler5	6307	13201	1	0.0188679	0.0413937	
RootPopulationSizeScaler5	7330	12251	1	0.0188679	0.0603005	
LeafPopulationSizeScaler5	8369	11157	1	0.0188679	0.0491767	
MutationRateScaler6	929	18565	1	0.0188679	0.0112672	
RootPopulationSizeScaler6	6926	12604	1	0.0188679	0.0442459	
LeafPopulationSizeScaler6	2588	16959	1	0.0188679	0.00416457	
MutationRateScaler7	52	19531	1	0.0188679	0.00688911	
RootPopulationSizeScaler7	6852	12637	1	0.0188679	0.0570271	
LeafPopulationSizeScaler7	132	19444	1	0.0188679	0.00379112	
MutationRateScaler8	4149	15334	1	0.0188679	0.0264463	
RootPopulationSizeScaler8	6781	12724	1	0.0188679	0.0532316	
LeafPopulationSizeScaler8	6614	12890	1	0.0188679	0.0177668	
generation 90000:
name	number_accepted	number_rejected	weight	weight_prob	tuning_parameter
DirichletProcessGibbsSampler	16980	0	10	0.188679	none	
ConcentrationScaler	2526	2577	3	0.0566038	1.97531	
TimeSizeRateMixer	20747	45742	6	0.113208	0.0195618	
TimeRootSizeMixer	25409	40036	6	0.113208	0.033538	
EventTimeScaler	98446	154823	1	0.0188679	0.0554263	
MutationRateScaler0	7689	14266	1	0.0188679	0.0356536	
RootPopulationSizeScaler0	9191	12801	1	0.0188679	0.0596124	
LeafPopulationSizeScaler0	9306	12643	1	0.0188679	0.0433633	
MutationRateScaler1	921	21014	1	0.0188679	0.00945495	
RootPopulationSizeScaler1	7634	14274	1	0.0188679	0.0690127	
LeafPopulationSizeScaler1	1651	20263	1	0.0188679	0.00568801	
MutationRateScaler2	7417	14536	1	0.0188679	0.0429015	
RootPopulationSizeScaler2	8345	13648	1	0.0188679	0.0675629	
LeafPopulationSizeScaler2	8883	13011	1	0.0188679	0.0551209	
MutationRateScaler3	7962	13987	1	0.0188679	0.0477189	
RootPopulationSizeScaler3	9252	12693	1	0.0188679	0.0678432	
LeafPopulationSizeScaler3	9379	12558	1	0.0188679	0.0623298	
MutationRateScaler4	5349	16590	1	0.0188679	0.0301013	
RootPopulationSizeScaler4	7557	14385	1	0.0188679	0.0515325	
LeafPopulationSizeScaler4	7262	14702	1	0.0188679	0.0298243	
MutationRateScaler5	7215	14755	1	0.0188679	0.04102	
RootPopulationSizeScaler5	8296	13746	1	0.0188679	0.0599048	
LeafPopulationSizeScaler5	9444	12537	1	0.0188679	0.0491965	
MutationRateScaler6	1081	20869	1	0.0188679	0.0107743	
RootPopulationSizeScaler6	7872	14104	1	0.0188679	0.0439419	
LeafPopulationSizeScaler6	3043	18953	1	0.0188679	0.00403803	
MutationRateScaler7	55	21979	1	0.0188679	0.00654146	
RootPopulationSizeScaler7	7770	14195	1	0.0188679	0.0566081	
LeafPopulationSizeScaler7	149	21889	1	0.0188679	0.00360125	
MutationRateScaler8	4849	17109	1	0.0188679	0.025928	
RootPopulationSizeScaler8	7681	14301	1	0.0188679	0.0527898	
LeafPopulationSizeScaler8	7556	14383	1	0.0188679	0.0176507	
generation 100000:
name	number_accepted	number_rejected	weight	weight_prob	tuning_parameter
DirichletProcessGibbsSampler	18806	0	10	0.188679	none	
ConcentrationScaler	2804	2858	3	0.0566038	1.98406	
TimeSizeRateMixer	22768	50692	6	0.113208	0.0192663	
TimeRootSizeMixer	28199	44159	6	0.113208	0.0334213	
EventTimeScaler	108763	170653	1	0.0188679	0.0551751	
MutationRateScaler0	8554	15857	1	0.0188679	0.0353249	
RootPopulationSizeScaler0	10208	14276	1	0.0188679	0.0594541	
LeafPopulationSizeScaler0	10345	14066	1	0.0188679	0.0432906	
MutationRateScaler1	1085	23332	1	0.0188679	0.00907765	
RootPopulationSizeScaler1	8582	15766	1	0.0188679	0.0686572	
LeafPopulationSizeScaler1	1954	22421	1	0.0188679	0.00549365	
MutationRateScaler2	8276	16154	1	0.0188679	0.0424796	
RootPopulationSizeScaler2	9329	15153	1	0.0188679	0.0672256	
LeafPopulationSizeScaler2	9887	14464	1	0.0188679	0.0549465	
MutationRateScaler3	8905	15505	1	0.0188679	0.0473965	
RootPopulationSizeScaler3	10327	14080	1	0.0188679	0.0678367	
LeafPopulationSizeScaler3	10502	13908	1	0.0188679	0.0624332	
MutationRateScaler4	6062	18359	1	0.0188679	0.0296137	
RootPopulationSizeScaler4	8481	15916	1	0.0188679	0.0511665	
LeafPopulationSizeScaler4	8174	16263	1	0.0188679	0.0296066	
MutationRateScaler5	8123	16328	1	0.0188679	0.0406773	
RootPopulationSizeScaler5	9271	15267	1	0.0188679	0.0595572	
LeafPopulationSizeScaler5	10505	13952	1	0.0188679	0.0491223	
MutationRateScaler6	1238	23185	1	0.0188679	0.0103533	
RootPopulationSizeScaler6	8838	15623	1	0.0188679	0.0436749	
LeafPopulationSizeScaler6	3520	20928	1	0.0188679	0.00393251	
MutationRateScaler7	67	24429	1	0.0188679	0.00624625	
RootPopulationSizeScaler7	8770	15669	1	0.0188679	0.0563961	
LeafPopulationSizeScaler7	166	24352	1	0.0188679	0.00343855	
MutationRateScaler8	5508	18919	1	0.0188679	0.0254466	
RootPopulationSizeScaler8	8597	15865	1	0.0188679	0.0524402	
LeafPopulationSizeScaler8	8480	15910	1	0.0188679	0.0175355	
generation 110000:
name	number_accepted	number_rejected	weight	weight_prob	tuning_parameter
DirichletProcessGibbsSampler	20639	0	10	0.188679	none	
ConcentrationScaler	3081	3145	3	0.0566038	1.98926	
TimeSizeRateMixer	24817	55246	6	0.113208	0.0190545	
TimeRootSizeMixer	30940	48238	6	0.113208	0.0333222	
EventTimeScaler	118951	186231	1	0.0188679	0.0549529	
MutationRateScaler0	9478	17317	1	0.0188679	0.0351401	
RootPopulationSizeScaler0	11268	15612	1	0.0188679	0.0594076	
LeafPopulationSizeScaler0	11399	15422	1	0.0188679	0.0432745	
MutationRateScaler1	1243	25576	1	0.0188679	0.00876257	
RootPopulationSizeScaler1	9477	17266	1	0.0188679	0.0682795	
LeafPopulationSizeScaler1	2224	24568	1	0.0188679	0.00532514	
MutationRateScaler2	9186	17638	1	0.0188679	0.0422568	
RootPopulationSizeScaler2	10235	16648	1	0.0188679	0.0668696	
LeafPopulationSizeScaler2	10892	15855	1	0.0188679	0.0548741	
MutationRateScaler3	9850	16941	1	0.0188679	0.047198	
RootPopulationSizeScaler3	11366	15458	1	0.0188679	0.0677373	
LeafPopulationSizeScaler3	11556	15248	1	0.0188679	0.0623875	
MutationRateScaler4	6758	20046	1	0.0188679	0.02922	
RootPopulationSizeScaler4	9371	17452	1	0.0188679	0.0508301	
LeafPopulationSizeScaler4	9039	17794	1	0.0188679	0.0293968	
MutationRateScaler5	9013	17819	1	0.0188679	0.0404413	
RootPopulationSizeScaler5	10257	16704	1	0.0188679	0.059373	
LeafPopulationSizeScaler5	11569	15306	1	0.0188679	0.0490861	
MutationRateScaler6	1421	25389	1	0.0188679	0.0100056	
RootPopulationSizeScaler6	9760	17105	1	0.0188679	0.0434771	
LeafPopulationSizeScaler6	3942	22903	1	0.0188679	0.00383715	
MutationRateScaler7	80	26824	1	0.0188679	0.00599645	
RootPopulationSizeScaler7	9678	17145	1	0.0188679	0.0560877	
LeafPopulationSizeScaler7	191	26708	1	0.0188679	0.00330389	
MutationRateScaler8	6202	20622	1	0.0188679	0.0250773	
RootPopulationSizeScaler8	9481	17374	1	0.0188679	0.0520909	
LeafPopulationSizeScaler8	9395	17420	1	0.0188679	0.0174285	
generation 120000:
name	number_accepted	number_rejected	weight	weight_prob	tuning_parameter
DirichletProcessGibbsSampler	22550	0	10	0.188679	none	
ConcentrationScaler	3372	3448	3	0.0566038	1.99698	
TimeSizeRateMixer	26950	59966	6	0.113208	0.0188508	
TimeRootSizeMixer	33874	52605	6	0.113208	0.0332174	
EventTimeScaler	129783	202661	1	0.0188679	0.0547628	
MutationRateScaler0	10354	18887	1	0.0188679	0.0348975	
RootPopulationSizeScaler0	12315	17019	1	0.0188679	0.0593407	
LeafPopulationSizeScaler0	12435	16859	1	0.0188679	0.043202	
MutationRateScaler1	1392	27853	1	0.0188679	0.00847916	
RootPopulationSizeScaler1	10394	18812	1	0.0188679	0.0679286	
LeafPopulationSizeScaler1	2507	26751	1	0.0188679	0.00517467	
MutationRateScaler2	10160	19146	1	0.0188679	0.0420509	
RootPopulationSizeScaler2	11214	18118	1	0.0188679	0.0665937	
LeafPopulationSizeScaler2	11901	17301	1	0.0188679	0.0547372	
MutationRateScaler3	10782	18463	1	0.0188679	0.0469659	
RootPopulationSizeScaler3	12393	16861	1	0.0188679	0.0676782	
LeafPopulationSizeScaler3	12609	16665	1	0.0188679	0.0623281	
MutationRateScaler4	7433	21825	1	0.0188679	0.0288119	
RootPopulationSizeScaler4	10268	19017	1	0.0188679	0.0504933	
LeafPopulationSizeScaler4	9984	19290	1	0.0188679	0.0292384	
MutationRateScaler5	9921	19378	1	0.0188679	0.040178	
RootPopulationSizeScaler5	11223	18195	1	0.0188679	0.0591467	
LeafPopulationSizeScaler5	12652	16654	1	0.0188679	0.0490564	
MutationRateScaler6	1608	27635	1	0.0188679	0.00969735	
RootPopulationSizeScaler6	10687	18636	1	0.0188679	0.0432492	
LeafPopulationSizeScaler6	4404	24907	1	0.0188679	0.00375388	
MutationRateScaler7	93	29276	1	0.0188679	0.00577183	
RootPopulationSizeScaler7	10573	18690	1	0.0188679	0.0557124	
LeafPopulationSizeScaler7	206	29125	1	0.0188679	0.00318204	
MutationRateScaler8	6826	22415	1	0.0188679	0.0246911	
RootPopulationSizeScaler8	10433	18860	1	0.0188679	0.0518477	
LeafPopulationSizeScaler8	10351	18904	1	0.0188679	0.0173433	
generation 130000:
name	number_accepted	number_rejected	weight	weight_prob	tuning_parameter
DirichletProcessGibbsSampler	24452	0	10	0.188679	none	
ConcentrationScaler	3661	3736	3	0.0566038	2.00587	
TimeSizeRateMixer	29207	64613	6	0.113208	0.0186894	
TimeRootSizeMixer	36787	56928	6	0.113208	0.033117	
EventTimeScaler	140787	218900	1	0.0188679	0.0546058	
MutationRateScaler0	11258	20432	1	0.0188679	0.034698	
RootPopulationSizeScaler0	13353	18431	1	0.0188679	0.0592913	
LeafPopulationSizeScaler0	13473	18248	1	0.0188679	0.0431438	
MutationRateScaler1	1596	30072	1	0.0188679	0.0082405	
RootPopulationSizeScaler1	11350	20321	1	0.0188679	0.0675954	
LeafPopulationSizeScaler1	2802	28883	1	0.0188679	0.00504352	
MutationRateScaler2	11072	20651	1	0.0188679	0.0418436	
RootPopulationSizeScaler2	12222	19559	1	0.0188679	0.0664356	
LeafPopulationSizeScaler2	12912	18733	1	0.0188679	0.0546634	
MutationRateScaler3	11776	19889	1	0.0188679	0.0468538	
RootPopulationSizeScaler3	13416	18275	1	0.0188679	0.067547	
LeafPopulationSizeScaler3	13689	18000	1	0.0188679	0.0622722	
MutationRateScaler4	8129	23569	1	0.0188679	0.0284747	
RootPopulationSizeScaler4	11176	20525	1	0.0188679	0.0502292	
LeafPopulationSizeScaler4	10916	20786	1	0.0188679	0.0291033	
MutationRateScaler5	10830	20938	1	0.0188679	0.0399445	
RootPopulationSizeScaler5	12184	19671	1	0.0188679	0.0589044	
LeafPopulationSizeScaler5	13739	17994	1	0.0188679	0.0490659	
MutationRateScaler6	1790	29907	1	0.0188679	0.00941426	
RootPopulationSizeScaler6	11620	20148	1	0.0188679	0.0430363	
LeafPopulationSizeScaler6	4873	26867	1	0.0188679	0.0036807	
MutationRateScaler7	106	31716	1	0.0188679	0.00557401	
RootPopulationSizeScaler7	11550	20140	1	0.0188679	0.0554792	
LeafPopulationSizeScaler7	229	31525	1	0.0188679	0.00307536	
MutationRateScaler8	7548	24141	1	0.0188679	0.0243994	
RootPopulationSizeScaler8	11362	20357	1	0.0188679	0.0516232	
LeafPopulationSizeScaler8	11284	20424	1	0.0188679	0.0172578	
generation 140000:
name	number_accepted	number_rejected	weight	weight_prob	tuning_parameter
DirichletProcessGibbsSampler	26310	0	10	0.188679	none	
ConcentrationScaler	3922	4055	3	0.0566038	2.00911	
TimeSizeRateMixer	31693	69668	6	0.113208	0.01853	
TimeRootSizeMixer	39815	61372	6	0.113208	0.0330254	
EventTimeScaler	152213	235663	1	0.0188679	0.0544615	
MutationRateScaler0	12211	21989	1	0.0188679	0.0345339	
RootPopulationSizeScaler0	14386	19913	1	0.0188679	0.0591877	
LeafPopulationSizeScaler0	14568	19660	1	0.0188679	0.0431282	
MutationRateScaler1	1780	32396	1	0.0188679	0.0080108	
RootPopulationSizeScaler1	12374	21801	1	0.0188679	0.0674238	
LeafPopulationSizeScaler1	3096	31098	1	0.0188679	0.00492097	
MutationRateScaler2	12016	22212	1	0.0188679	0.0416393	
RootPopulationSizeScaler2	13227	21068	1	0.0188679	0.0662443	
LeafPopulationSizeScaler2	13962	20182	1	0.0188679	0.0545467	
MutationRateScaler3	12730	21428	1	0.0188679	0.0466453	
RootPopulationSizeScaler3	14470	19729	1	0.0188679	0.0674566	
LeafPopulationSizeScaler3	14808	19396	1	0.0188679	0.0622849	
MutationRateScaler4	8897	25317	1	0.0188679	0.028181	
RootPopulationSizeScaler4	12107	22097	1	0.0188679	0.0499794	
LeafPopulationSizeScaler4	11825	22392	1	0.0188679	0.0289367	
MutationRateScaler5	11722	22540	1	0.0188679	0.0397029	
RootPopulationSizeScaler5	13211	21139	1	0.0188679	0.0587557	
LeafPopulationSizeScaler5	14842	19398	1	0.0188679	0.0490759	
MutationRateScaler6	1995	32207	1	0.0188679	0.00916112	
RootPopulationSizeScaler6	12610	21661	1	0.0188679	0.0428729	
LeafPopulationSizeScaler6	5377	28851	1	0.0188679	0.00361429	
MutationRateScaler7	119	34186	1	0.0188679	0.005395	
RootPopulationSizeScaler7	12519	21671	1	0.0188679	0.0552687	
LeafPopulationSizeScaler7	246	34012	1	0.0188679	0.00297603	
MutationRateScaler8	8260	25917	1	0.0188679	0.0241006	
RootPopulationSizeScaler8	12318	21898	1	0.0188679	0.0514216	
LeafPopulationSizeScaler8	12217	21986	1	0.0188679	0.0171666	
generation 150000:
name	number_accepted	number_rejected	weight	weight_prob	tuning_parameter
DirichletProcessGibbsSampler	28196	0	10	0.188679	none	
ConcentrationScaler	4185	4354	3	0.0566038	2.01145	
TimeSizeRateMixer	33843	74477	6	0.113208	0.0183719	
TimeRootSizeMixer	42818	65534	6	0.113208	0.0329771	
EventTimeScaler	162843	251781	1	0.0188679	0.0543026	
MutationRateScaler0	13169	23540	1	0.0188679	0.0344011	
RootPopulationSizeScaler0	15409	21386	1	0.0188679	0.0591131	
LeafPopulationSizeScaler0	15652	21080	1	0.0188679	0.0430919	
MutationRateScaler1	1950	34741	1	0.0188679	0.00780489	
RootPopulationSizeScaler1	13361	23340	1	0.0188679	0.0671747	
LeafPopulationSizeScaler1	3406	33289	1	0.0188679	0.00481328	
MutationRateScaler2	12973	23756	1	0.0188679	0.0414672	
RootPopulationSizeScaler2	14207	22590	1	0.0188679	0.0660066	
LeafPopulationSizeScaler2	15064	21577	1	0.0188679	0.0545046	
MutationRateScaler3	13720	22947	1	0.0188679	0.0464897	
RootPopulationSizeScaler3	15539	21173	1	0.0188679	0.0673967	
LeafPopulationSizeScaler3	15877	20834	1	0.0188679	0.0622231	
MutationRateScaler4	9650	27071	1	0.0188679	0.0279159	
RootPopulationSizeScaler4	13026	23678	1	0.0188679	0.0497204	
LeafPopulationSizeScaler4	12764	23960	1	0.0188679	0.0288049	
MutationRateScaler5	12689	24068	1	0.0188679	0.0395287	
RootPopulationSizeScaler5	14199	22644	1	0.0188679	0.058555	
LeafPopulationSizeScaler5	15950	20799	1	0.0188679	0.0490654	
MutationRateScaler6	2204	34484	1	0.0188679	0.00893403	
RootPopulationSizeScaler6	13568	23219	1	0.0188679	0.042707	
LeafPopulationSizeScaler6	5896	30837	1	0.0188679	0.00355574	
MutationRateScaler7	125	36683	1	0.0188679	0.00523111	
RootPopulationSizeScaler7	13491	23206	1	0.0188679	0.0550649	
LeafPopulationSizeScaler7	271	36516	1	0.0188679	0.00288609	
MutationRateScaler8	8889	27781	1	0.0188679	0.0237975	
RootPopulationSizeScaler8	13274	23434	1	0.0188679	0.0512362	
LeafPopulationSizeScaler8	13141	23568	1	0.0188679	0.0170895	
