generation 10000:
name	number_accepted	number_rejected	weight	weight_prob	tuning_parameter
DirichletProcessGibbsSampler	1853	0	10	0.188679	none	
ConcentrationScaler	275	293	3	0.0566038	1.88453	
TimeSizeRateMixer	2669	5622	6	0.113208	0.0264569	
TimeRootSizeMixer	2938	5461	6	0.113208	0.0358751	
EventTimeScaler	11030	20561	1	0.0188679	0.068453	
MutationRateScaler0	591	1879	1	0.0188679	0.0474909	
RootPopulationSizeScaler0	952	1511	1	0.0188679	0.0646616	
LeafPopulationSizeScaler0	934	1528	1	0.0188679	0.0464598	
MutationRateScaler1	52	2385	1	0.0188679	0.0220572	
RootPopulationSizeScaler1	698	1756	1	0.0188679	0.0840286	
LeafPopulationSizeScaler1	134	2332	1	0.0188679	0.00896421	
MutationRateScaler2	656	1804	1	0.0188679	0.0495664	
RootPopulationSizeScaler2	934	1503	1	0.0188679	0.0655103	
LeafPopulationSizeScaler2	990	1461	1	0.0188679	0.0587595	
MutationRateScaler3	786	1701	1	0.0188679	0.0517215	
RootPopulationSizeScaler3	957	1473	1	0.0188679	0.0710484	
LeafPopulationSizeScaler3	993	1427	1	0.0188679	0.0648917	
MutationRateScaler4	430	2030	1	0.0188679	0.0451816	
RootPopulationSizeScaler4	822	1628	1	0.0188679	0.0533147	
LeafPopulationSizeScaler4	774	1691	1	0.0188679	0.030773	
MutationRateScaler5	574	1874	1	0.0188679	0.0506689	
RootPopulationSizeScaler5	755	1724	1	0.0188679	0.0670794	
LeafPopulationSizeScaler5	870	1592	1	0.0188679	0.05506	
MutationRateScaler6	65	2384	1	0.0188679	0.0277869	
RootPopulationSizeScaler6	768	1687	1	0.0188679	0.0486206	
LeafPopulationSizeScaler6	141	2305	1	0.0188679	0.0094369	
MutationRateScaler7	12	2458	1	0.0188679	0.0210757	
RootPopulationSizeScaler7	767	1678	1	0.0188679	0.061736	
LeafPopulationSizeScaler7	24	2432	1	0.0188679	0.00717435	
MutationRateScaler8	336	2130	1	0.0188679	0.0387826	
RootPopulationSizeScaler8	824	1644	1	0.0188679	0.0549931	
LeafPopulationSizeScaler8	540	1904	1	0.0188679	0.0281803	
generation 20000:
name	number_accepted	number_rejected	weight	weight_prob	tuning_parameter
DirichletProcessGibbsSampler	3729	0	10	0.188679	none	
ConcentrationScaler	518	600	3	0.0566038	1.90423	
TimeSizeRateMixer	5143	10945	6	0.113208	0.0243365	
TimeRootSizeMixer	5959	10270	6	0.113208	0.0346689	
EventTimeScaler	21984	39570	1	0.0188679	0.0651172	
MutationRateScaler0	1345	3570	1	0.0188679	0.0431393	
RootPopulationSizeScaler0	1931	2998	1	0.0188679	0.0627652	
LeafPopulationSizeScaler0	1901	3001	1	0.0188679	0.0450367	
MutationRateScaler1	131	4785	1	0.0188679	0.016528	
RootPopulationSizeScaler1	1532	3369	1	0.0188679	0.0781953	
LeafPopulationSizeScaler1	309	4614	1	0.0188679	0.00695647	
MutationRateScaler2	1465	3440	1	0.0188679	0.0459253	
RootPopulationSizeScaler2	1893	2997	1	0.0188679	0.0636739	
LeafPopulationSizeScaler2	1951	2928	1	0.0188679	0.0567535	
MutationRateScaler3	1725	3186	1	0.0188679	0.0497551	
RootPopulationSizeScaler3	1987	2898	1	0.0188679	0.0701568	
LeafPopulationSizeScaler3	2009	2868	1	0.0188679	0.0640454	
MutationRateScaler4	944	3978	1	0.0188679	0.0384195	
RootPopulationSizeScaler4	1718	3190	1	0.0188679	0.0505258	
LeafPopulationSizeScaler4	1725	3189	1	0.0188679	0.0295611	
MutationRateScaler5	1354	3539	1	0.0188679	0.0463773	
RootPopulationSizeScaler5	1619	3292	1	0.0188679	0.0633871	
LeafPopulationSizeScaler5	1843	3093	1	0.0188679	0.0534572	
MutationRateScaler6	131	4776	1	0.0188679	0.0208256	
RootPopulationSizeScaler6	1648	3255	1	0.0188679	0.0459734	
LeafPopulationSizeScaler6	335	4585	1	0.0188679	0.0073259	
MutationRateScaler7	14	4894	1	0.0188679	0.0155649	
RootPopulationSizeScaler7	1670	3242	1	0.0188679	0.0586966	
LeafPopulationSizeScaler7	38	4870	1	0.0188679	0.00529981	
MutationRateScaler8	788	4127	1	0.0188679	0.0326133	
RootPopulationSizeScaler8	1731	3171	1	0.0188679	0.0525287	
LeafPopulationSizeScaler8	1183	3717	1	0.0188679	0.0248082	
generation 30000:
name	number_accepted	number_rejected	weight	weight_prob	tuning_parameter
DirichletProcessGibbsSampler	5621	0	10	0.188679	none	
ConcentrationScaler	814	917	3	0.0566038	1.9483	
TimeSizeRateMixer	7088	15954	6	0.113208	0.0229697	
TimeRootSizeMixer	8604	14372	6	0.113208	0.0341614	
EventTimeScaler	31123	56727	1	0.0188679	0.0629831	
MutationRateScaler0	2103	5255	1	0.0188679	0.0409965	
RootPopulationSizeScaler0	2909	4477	1	0.0188679	0.0618019	
LeafPopulationSizeScaler0	2839	4519	1	0.0188679	0.0440976	
MutationRateScaler1	224	7161	1	0.0188679	0.0140189	
RootPopulationSizeScaler1	2346	4978	1	0.0188679	0.0749948	
LeafPopulationSizeScaler1	538	6807	1	0.0188679	0.00605234	
MutationRateScaler2	2308	5040	1	0.0188679	0.044181	
RootPopulationSizeScaler2	2915	4416	1	0.0188679	0.0629983	
LeafPopulationSizeScaler2	2957	4362	1	0.0188679	0.0560777	
MutationRateScaler3	2588	4760	1	0.0188679	0.0481709	
RootPopulationSizeScaler3	2998	4313	1	0.0188679	0.0693346	
LeafPopulationSizeScaler3	3049	4256	1	0.0188679	0.0636957	
MutationRateScaler4	1521	5836	1	0.0188679	0.03538	
RootPopulationSizeScaler4	2639	4690	1	0.0188679	0.0494203	
LeafPopulationSizeScaler4	2668	4677	1	0.0188679	0.0287921	
MutationRateScaler5	2162	5166	1	0.0188679	0.0445087	
RootPopulationSizeScaler5	2580	4786	1	0.0188679	0.0618647	
LeafPopulationSizeScaler5	2786	4572	1	0.0188679	0.0526291	
MutationRateScaler6	215	7121	1	0.0188679	0.0176831	
RootPopulationSizeScaler6	2532	4806	1	0.0188679	0.0445685	
LeafPopulationSizeScaler6	612	6716	1	0.0188679	0.00642326	
MutationRateScaler7	14	7324	1	0.0188679	0.0130381	
RootPopulationSizeScaler7	2568	4752	1	0.0188679	0.0571881	
LeafPopulationSizeScaler7	55	7302	1	0.0188679	0.00444424	
MutationRateScaler8	1278	6084	1	0.0188679	0.0295879	
RootPopulationSizeScaler8	2677	4667	1	0.0188679	0.0512213	
LeafPopulationSizeScaler8	1873	5487	1	0.0188679	0.0232945	
generation 40000:
name	number_accepted	number_rejected	weight	weight_prob	tuning_parameter
DirichletProcessGibbsSampler	7548	0	10	0.188679	none	
ConcentrationScaler	1082	1221	3	0.0566038	1.96398	
TimeSizeRateMixer	9093	21065	6	0.113208	0.021974	
TimeRootSizeMixer	11289	18194	6	0.113208	0.0338506	
EventTimeScaler	40551	73742	1	0.0188679	0.0615743	
MutationRateScaler0	2960	6876	1	0.0188679	0.0397928	
RootPopulationSizeScaler0	3926	5930	1	0.0188679	0.0613443	
LeafPopulationSizeScaler0	3812	6009	1	0.0188679	0.0434281	
MutationRateScaler1	342	9497	1	0.0188679	0.0125184	
RootPopulationSizeScaler1	3233	6536	1	0.0188679	0.0734055	
LeafPopulationSizeScaler1	788	9018	1	0.0188679	0.00548689	
MutationRateScaler2	3187	6636	1	0.0188679	0.0430558	
RootPopulationSizeScaler2	3986	5779	1	0.0188679	0.062799	
LeafPopulationSizeScaler2	4049	5730	1	0.0188679	0.056165	
MutationRateScaler3	3533	6263	1	0.0188679	0.0474077	
RootPopulationSizeScaler3	4045	5714	1	0.0188679	0.069079	
LeafPopulationSizeScaler3	4124	5645	1	0.0188679	0.0634819	
MutationRateScaler4	2135	7676	1	0.0188679	0.0335049	
RootPopulationSizeScaler4	3595	6209	1	0.0188679	0.0486173	
LeafPopulationSizeScaler4	3625	6177	1	0.0188679	0.0283506	
MutationRateScaler5	3019	6757	1	0.0188679	0.0433348	
RootPopulationSizeScaler5	3495	6333	1	0.0188679	0.0607227	
LeafPopulationSizeScaler5	3806	6008	1	0.0188679	0.0521845	
MutationRateScaler6	313	9460	1	0.0188679	0.0157653	
RootPopulationSizeScaler6	3470	6304	1	0.0188679	0.0438185	
LeafPopulationSizeScaler6	893	8894	1	0.0188679	0.00584466	
MutationRateScaler7	25	9760	1	0.0188679	0.0114952	
RootPopulationSizeScaler7	3513	6239	1	0.0188679	0.0563229	
LeafPopulationSizeScaler7	77	9712	1	0.0188679	0.00392727	
MutationRateScaler8	1825	7974	1	0.0188679	0.0278491	
RootPopulationSizeScaler8	3653	6148	1	0.0188679	0.0504452	
LeafPopulationSizeScaler8	2666	7154	1	0.0188679	0.0224643	
generation 50000:
name	number_accepted	number_rejected	weight	weight_prob	tuning_parameter
DirichletProcessGibbsSampler	9439	0	10	0.188679	none	
ConcentrationScaler	1341	1530	3	0.0566038	1.97219	
TimeSizeRateMixer	11110	26168	6	0.113208	0.0212587	
TimeRootSizeMixer	14127	22392	6	0.113208	0.0336364	
EventTimeScaler	50204	90966	1	0.0188679	0.0605243	
MutationRateScaler0	3756	8585	1	0.0188679	0.0387783	
RootPopulationSizeScaler0	4984	7401	1	0.0188679	0.0609838	
LeafPopulationSizeScaler0	4863	7476	1	0.0188679	0.0432351	
MutationRateScaler1	470	11918	1	0.0188679	0.0114399	
RootPopulationSizeScaler1	4162	8125	1	0.0188679	0.0721943	
LeafPopulationSizeScaler1	1082	11261	1	0.0188679	0.00509392	
MutationRateScaler2	4166	8179	1	0.0188679	0.0423854	
RootPopulationSizeScaler2	5026	7239	1	0.0188679	0.0624724	
LeafPopulationSizeScaler2	5089	7234	1	0.0188679	0.0558278	
MutationRateScaler3	4523	7806	1	0.0188679	0.0468872	
RootPopulationSizeScaler3	5093	7176	1	0.0188679	0.0687995	
LeafPopulationSizeScaler3	5228	7065	1	0.0188679	0.0633665	
MutationRateScaler4	2777	9542	1	0.0188679	0.0320984	
RootPopulationSizeScaler4	4602	7734	1	0.0188679	0.0481372	
LeafPopulationSizeScaler4	4545	7801	1	0.0188679	0.0278735	
MutationRateScaler5	3924	8361	1	0.0188679	0.0424445	
RootPopulationSizeScaler5	4444	7883	1	0.0188679	0.0598997	
LeafPopulationSizeScaler5	4828	7501	1	0.0188679	0.0519088	
MutationRateScaler6	419	11897	1	0.0188679	0.0143753	
RootPopulationSizeScaler6	4434	7851	1	0.0188679	0.0432609	
LeafPopulationSizeScaler6	1208	11092	1	0.0188679	0.00543898	
MutationRateScaler7	29	12272	1	0.0188679	0.0103958	
RootPopulationSizeScaler7	4495	7771	1	0.0188679	0.0556212	
LeafPopulationSizeScaler7	90	12197	1	0.0188679	0.00355728	
MutationRateScaler8	2448	9895	1	0.0188679	0.0266147	
RootPopulationSizeScaler8	4621	7700	1	0.0188679	0.0498673	
LeafPopulationSizeScaler8	3440	8897	1	0.0188679	0.0218023	
generation 60000:
name	number_accepted	number_rejected	weight	weight_prob	tuning_parameter
DirichletProcessGibbsSampler	11313	0	10	0.188679	none	
ConcentrationScaler	1582	1818	3	0.0566038	1.97972	
TimeSizeRateMixer	13010	30903	6	0.113208	0.0207467	
TimeRootSizeMixer	17043	26647	6	0.113208	0.0334501	
EventTimeScaler	59909	107627	1	0.0188679	0.0597801	
MutationRateScaler0	4623	10165	1	0.0188679	0.038114	
RootPopulationSizeScaler0	5970	8833	1	0.0188679	0.0607051	
LeafPopulationSizeScaler0	5922	8850	1	0.0188679	0.0431984	
MutationRateScaler1	612	14202	1	0.0188679	0.0106803	
RootPopulationSizeScaler1	5088	9628	1	0.0188679	0.0714678	
LeafPopulationSizeScaler1	1351	13431	1	0.0188679	0.00480305	
MutationRateScaler2	5089	9709	1	0.0188679	0.0419296	
RootPopulationSizeScaler2	6065	8637	1	0.0188679	0.0622912	
LeafPopulationSizeScaler2	6075	8672	1	0.0188679	0.0555007	
MutationRateScaler3	5469	9294	1	0.0188679	0.0465088	
RootPopulationSizeScaler3	6120	8614	1	0.0188679	0.0685139	
LeafPopulationSizeScaler3	6285	8449	1	0.0188679	0.0633218	
MutationRateScaler4	3451	11317	1	0.0188679	0.031153	
RootPopulationSizeScaler4	5572	9221	1	0.0188679	0.047703	
LeafPopulationSizeScaler4	5516	9284	1	0.0188679	0.0276427	
MutationRateScaler5	4810	9908	1	0.0188679	0.0418131	
RootPopulationSizeScaler5	5394	9362	1	0.0188679	0.0593546	
LeafPopulationSizeScaler5	5837	8932	1	0.0188679	0.0516634	
MutationRateScaler6	538	14208	1	0.0188679	0.0133974	
RootPopulationSizeScaler6	5384	9343	1	0.0188679	0.0428293	
LeafPopulationSizeScaler6	1568	13176	1	0.0188679	0.00515827	
MutationRateScaler7	43	14695	1	0.0188679	0.00961015	
RootPopulationSizeScaler7	5481	9226	1	0.0188679	0.0551458	
LeafPopulationSizeScaler7	110	14616	1	0.0188679	0.00328917	
MutationRateScaler8	3129	11667	1	0.0188679	0.0258499	
RootPopulationSizeScaler8	5573	9177	1	0.0188679	0.0494903	
LeafPopulationSizeScaler8	4212	10552	1	0.0188679	0.0213236	
generation 70000:
name	number_accepted	number_rejected	weight	weight_prob	tuning_parameter
DirichletProcessGibbsSampler	13227	0	10	0.188679	none	
ConcentrationScaler	1858	2129	3	0.0566038	1.99148	
TimeSizeRateMixer	15074	35865	6	0.113208	0.0202907	
TimeRootSizeMixer	19841	30765	6	0.113208	0.0332787	
EventTimeScaler	69623	124559	1	0.0188679	0.0591347	
MutationRateScaler0	5439	11813	1	0.0188679	0.0374811	
RootPopulationSizeScaler0	6974	10288	1	0.0188679	0.0604662	
LeafPopulationSizeScaler0	6975	10258	1	0.0188679	0.0431213	
MutationRateScaler1	725	16590	1	0.0188679	0.0100516	
RootPopulationSizeScaler1	6027	11182	1	0.0188679	0.0707525	
LeafPopulationSizeScaler1	1636	15603	1	0.0188679	0.00456978	
MutationRateScaler2	6015	11254	1	0.0188679	0.0414918	
RootPopulationSizeScaler2	7117	10061	1	0.0188679	0.0621385	
LeafPopulationSizeScaler2	7148	10060	1	0.0188679	0.0554547	
MutationRateScaler3	6454	10791	1	0.0188679	0.0461976	
RootPopulationSizeScaler3	7188	10023	1	0.0188679	0.0684082	
LeafPopulationSizeScaler3	7331	9871	1	0.0188679	0.0631545	
MutationRateScaler4	4153	13112	1	0.0188679	0.0303783	
RootPopulationSizeScaler4	6525	10714	1	0.0188679	0.0473806	
LeafPopulationSizeScaler4	6529	10755	1	0.0188679	0.0274923	
MutationRateScaler5	5672	11522	1	0.0188679	0.0411906	
RootPopulationSizeScaler5	6385	10858	1	0.0188679	0.0588873	
LeafPopulationSizeScaler5	6905	10352	1	0.0188679	0.0515629	
MutationRateScaler6	668	16583	1	0.0188679	0.0126049	
RootPopulationSizeScaler6	6328	10882	1	0.0188679	0.0424252	
LeafPopulationSizeScaler6	1900	15305	1	0.0188679	0.00492393	
MutationRateScaler7	52	17170	1	0.0188679	0.0089769	
RootPopulationSizeScaler7	6438	10742	1	0.0188679	0.054637	
LeafPopulationSizeScaler7	126	17087	1	0.0188679	0.00307412	
MutationRateScaler8	3759	13517	1	0.0188679	0.0251279	
RootPopulationSizeScaler8	6586	10644	1	0.0188679	0.0491914	
LeafPopulationSizeScaler8	4983	12246	1	0.0188679	0.0209452	
generation 80000:
name	number_accepted	number_rejected	weight	weight_prob	tuning_parameter
DirichletProcessGibbsSampler	15139	0	10	0.188679	none	
ConcentrationScaler	2101	2415	3	0.0566038	1.99696	
TimeSizeRateMixer	17338	40880	6	0.113208	0.0199463	
TimeRootSizeMixer	22819	35090	6	0.113208	0.0331488	
EventTimeScaler	80300	141680	1	0.0188679	0.0586981	
MutationRateScaler0	6297	13470	1	0.0188679	0.0369974	
RootPopulationSizeScaler0	8046	11718	1	0.0188679	0.060358	
LeafPopulationSizeScaler0	8013	11713	1	0.0188679	0.043043	
MutationRateScaler1	880	18938	1	0.0188679	0.00955011	
RootPopulationSizeScaler1	6969	12732	1	0.0188679	0.0701616	
LeafPopulationSizeScaler1	1969	17791	1	0.0188679	0.00438402	
MutationRateScaler2	6929	12827	1	0.0188679	0.0411213	
RootPopulationSizeScaler2	8175	11493	1	0.0188679	0.0619812	
LeafPopulationSizeScaler2	8226	11494	1	0.0188679	0.0553252	
MutationRateScaler3	7430	12302	1	0.0188679	0.0459035	
RootPopulationSizeScaler3	8259	11450	1	0.0188679	0.0683696	
LeafPopulationSizeScaler3	8375	11320	1	0.0188679	0.0630626	
MutationRateScaler4	4899	14876	1	0.0188679	0.0297907	
RootPopulationSizeScaler4	7548	12219	1	0.0188679	0.0471311	
LeafPopulationSizeScaler4	7504	12286	1	0.0188679	0.0272905	
MutationRateScaler5	6627	13066	1	0.0188679	0.0408514	
RootPopulationSizeScaler5	7390	12377	1	0.0188679	0.0585234	
LeafPopulationSizeScaler5	7923	11843	1	0.0188679	0.051373	
MutationRateScaler6	805	18970	1	0.0188679	0.0119599	
RootPopulationSizeScaler6	7332	12383	1	0.0188679	0.0421799	
LeafPopulationSizeScaler6	2270	17434	1	0.0188679	0.00472956	
MutationRateScaler7	62	19671	1	0.0188679	0.00845925	
RootPopulationSizeScaler7	7468	12211	1	0.0188679	0.0543772	
LeafPopulationSizeScaler7	154	19574	1	0.0188679	0.00289894	
MutationRateScaler8	4465	15317	1	0.0188679	0.0245734	
RootPopulationSizeScaler8	7570	12182	1	0.0188679	0.0488054	
LeafPopulationSizeScaler8	5804	13941	1	0.0188679	0.0206218	
generation 90000:
name	number_accepted	number_rejected	weight	weight_prob	tuning_parameter
DirichletProcessGibbsSampler	16993	0	10	0.188679	none	
ConcentrationScaler	2344	2675	3	0.0566038	2.00488	
TimeSizeRateMixer	19400	45740	6	0.113208	0.0196339	
TimeRootSizeMixer	25685	39424	6	0.113208	0.0330086	
EventTimeScaler	90246	158424	1	0.0188679	0.0582651	
MutationRateScaler0	7222	15041	1	0.0188679	0.0366857	
RootPopulationSizeScaler0	9100	13178	1	0.0188679	0.0602525	
LeafPopulationSizeScaler0	9066	13139	1	0.0188679	0.0429502	
MutationRateScaler1	1038	21273	1	0.0188679	0.00913146	
RootPopulationSizeScaler1	7967	14223	1	0.0188679	0.0697391	
LeafPopulationSizeScaler1	2331	19897	1	0.0188679	0.0042336	
MutationRateScaler2	7886	14364	1	0.0188679	0.0408902	
RootPopulationSizeScaler2	9222	12929	1	0.0188679	0.061828	
LeafPopulationSizeScaler2	9318	12896	1	0.0188679	0.0552468	
MutationRateScaler3	8408	13820	1	0.0188679	0.0456279	
RootPopulationSizeScaler3	9312	12890	1	0.0188679	0.0682578	
LeafPopulationSizeScaler3	9473	12718	1	0.0188679	0.0630843	
MutationRateScaler4	5635	16637	1	0.0188679	0.0292718	
RootPopulationSizeScaler4	8559	13717	1	0.0188679	0.0468805	
LeafPopulationSizeScaler4	8490	13819	1	0.0188679	0.0271282	
MutationRateScaler5	7601	14603	1	0.0188679	0.0405982	
RootPopulationSizeScaler5	8388	13885	1	0.0188679	0.0582426	
LeafPopulationSizeScaler5	8992	13260	1	0.0188679	0.0513185	
MutationRateScaler6	970	21331	1	0.0188679	0.0114308	
RootPopulationSizeScaler6	8339	13861	1	0.0188679	0.0419621	
LeafPopulationSizeScaler6	2706	19510	1	0.0188679	0.00457803	
MutationRateScaler7	74	22162	1	0.0188679	0.00803035	
RootPopulationSizeScaler7	8489	13690	1	0.0188679	0.0541782	
LeafPopulationSizeScaler7	187	22057	1	0.0188679	0.0027534	
MutationRateScaler8	5124	17142	1	0.0188679	0.0240704	
RootPopulationSizeScaler8	8627	13637	1	0.0188679	0.0486387	
LeafPopulationSizeScaler8	6612	15627	1	0.0188679	0.0203443	
generation 100000:
name	number_accepted	number_rejected	weight	weight_prob	tuning_parameter
DirichletProcessGibbsSampler	18887	0	10	0.188679	none	
ConcentrationScaler	2597	2986	3	0.0566038	2.00791	
TimeSizeRateMixer	21417	50720	6	0.113208	0.0193331	
TimeRootSizeMixer	28522	43349	6	0.113208	0.032929	
EventTimeScaler	100201	174802	1	0.0188679	0.057898	
MutationRateScaler0	8088	16616	1	0.0188679	0.0363861	
RootPopulationSizeScaler0	10161	14574	1	0.0188679	0.060175	
LeafPopulationSizeScaler0	10163	14509	1	0.0188679	0.0429677	
MutationRateScaler1	1201	23547	1	0.0188679	0.00878676	
RootPopulationSizeScaler1	8901	15747	1	0.0188679	0.0693099	
LeafPopulationSizeScaler1	2671	21998	1	0.0188679	0.00410358	
MutationRateScaler2	8816	15887	1	0.0188679	0.040667	
RootPopulationSizeScaler2	10251	14340	1	0.0188679	0.0617456	
LeafPopulationSizeScaler2	10288	14368	1	0.0188679	0.0549958	
MutationRateScaler3	9361	15311	1	0.0188679	0.0453612	
RootPopulationSizeScaler3	10376	14266	1	0.0188679	0.0682189	
LeafPopulationSizeScaler3	10535	14111	1	0.0188679	0.0630766	
MutationRateScaler4	6335	18402	1	0.0188679	0.0288222	
RootPopulationSizeScaler4	9533	15176	1	0.0188679	0.0466658	
LeafPopulationSizeScaler4	9507	15250	1	0.0188679	0.0270415	
MutationRateScaler5	8542	16104	1	0.0188679	0.0403556	
RootPopulationSizeScaler5	9357	15359	1	0.0188679	0.0579448	
LeafPopulationSizeScaler5	10049	14667	1	0.0188679	0.0512822	
MutationRateScaler6	1097	23640	1	0.0188679	0.0109851	
RootPopulationSizeScaler6	9301	15343	1	0.0188679	0.0417732	
LeafPopulationSizeScaler6	3121	21535	1	0.0188679	0.00445067	
MutationRateScaler7	76	24624	1	0.0188679	0.00766881	
RootPopulationSizeScaler7	9469	15175	1	0.0188679	0.0539034	
LeafPopulationSizeScaler7	204	24486	1	0.0188679	0.0026319	
MutationRateScaler8	5861	18840	1	0.0188679	0.0237196	
RootPopulationSizeScaler8	9544	15153	1	0.0188679	0.0483661	
LeafPopulationSizeScaler8	7381	17299	1	0.0188679	0.0200922	
generation 110000:
name	number_accepted	number_rejected	weight	weight_prob	tuning_parameter
DirichletProcessGibbsSampler	20773	0	10	0.188679	none	
ConcentrationScaler	2860	3279	3	0.0566038	2.01258	
TimeSizeRateMixer	23938	55862	6	0.113208	0.0191155	
TimeRootSizeMixer	31519	47608	6	0.113208	0.0328199	
EventTimeScaler	111044	191945	1	0.0188679	0.0576017	
MutationRateScaler0	9004	18216	1	0.0188679	0.0361482	
RootPopulationSizeScaler0	11250	16011	1	0.0188679	0.0601103	
LeafPopulationSizeScaler0	11269	15925	1	0.0188679	0.0429878	
MutationRateScaler1	1387	25869	1	0.0188679	0.00848047	
RootPopulationSizeScaler1	9864	17303	1	0.0188679	0.0688987	
LeafPopulationSizeScaler1	3034	24152	1	0.0188679	0.00398819	
MutationRateScaler2	9837	17385	1	0.0188679	0.0404801	
RootPopulationSizeScaler2	11321	15811	1	0.0188679	0.0616379	
LeafPopulationSizeScaler2	11382	15800	1	0.0188679	0.0549165	
MutationRateScaler3	10380	16798	1	0.0188679	0.0452451	
RootPopulationSizeScaler3	11484	15667	1	0.0188679	0.0681945	
LeafPopulationSizeScaler3	11615	15566	1	0.0188679	0.062988	
MutationRateScaler4	7172	20108	1	0.0188679	0.0284955	
RootPopulationSizeScaler4	10579	16658	1	0.0188679	0.0465576	
LeafPopulationSizeScaler4	10515	16774	1	0.0188679	0.0269414	
MutationRateScaler5	9470	17695	1	0.0188679	0.0400487	
RootPopulationSizeScaler5	10418	16809	1	0.0188679	0.0578316	
LeafPopulationSizeScaler5	11074	16153	1	0.0188679	0.051123	
MutationRateScaler6	1265	25995	1	0.0188679	0.0105955	
RootPopulationSizeScaler6	10316	16865	1	0.0188679	0.0415896	
LeafPopulationSizeScaler6	3560	23631	1	0.0188679	0.00433458	
MutationRateScaler7	86	27142	1	0.0188679	0.00734985	
RootPopulationSizeScaler7	10470	16712	1	0.0188679	0.0536845	
LeafPopulationSizeScaler7	232	26971	1	0.0188679	0.00252455	
MutationRateScaler8	6615	20609	1	0.0188679	0.0233895	
RootPopulationSizeScaler8	10583	16660	1	0.0188679	0.0482028	
LeafPopulationSizeScaler8	8257	18946	1	0.0188679	0.0199132	
generation 120000:
name	number_accepted	number_rejected	weight	weight_prob	tuning_parameter
DirichletProcessGibbsSampler	22658	0	10	0.188679	none	
ConcentrationScaler	3127	3562	3	0.0566038	2.02025	
TimeSizeRateMixer	26294	60753	6	0.113208	0.0189279	
TimeRootSizeMixer	34485	51727	6	0.113208	0.0327499	
EventTimeScaler	121935	208798	1	0.0188679	0.0573652	
MutationRateScaler0	9900	19762	1	0.0188679	0.0359144	
RootPopulationSizeScaler0	12277	17428	1	0.0188679	0.0600332	
LeafPopulationSizeScaler0	12307	17340	1	0.0188679	0.0429479	
MutationRateScaler1	1578	28123	1	0.0188679	0.00821992	
RootPopulationSizeScaler1	10858	18742	1	0.0188679	0.0686464	
LeafPopulationSizeScaler1	3428	26172	1	0.0188679	0.00389384	
MutationRateScaler2	10785	18873	1	0.0188679	0.0403119	
RootPopulationSizeScaler2	12377	17200	1	0.0188679	0.0615725	
LeafPopulationSizeScaler2	12449	17161	1	0.0188679	0.0548968	
MutationRateScaler3	11379	18248	1	0.0188679	0.0451269	
RootPopulationSizeScaler3	12522	17046	1	0.0188679	0.0681483	
LeafPopulationSizeScaler3	12726	16883	1	0.0188679	0.0630348	
MutationRateScaler4	7904	21834	1	0.0188679	0.0281522	
RootPopulationSizeScaler4	11551	18105	1	0.0188679	0.0464427	
LeafPopulationSizeScaler4	11525	18204	1	0.0188679	0.0268765	
MutationRateScaler5	10364	19248	1	0.0188679	0.0398166	
RootPopulationSizeScaler5	11424	18239	1	0.0188679	0.057652	
LeafPopulationSizeScaler5	12105	17549	1	0.0188679	0.0510738	
MutationRateScaler6	1422	28274	1	0.0188679	0.0102631	
RootPopulationSizeScaler6	11285	18327	1	0.0188679	0.0414521	
LeafPopulationSizeScaler6	3949	25668	1	0.0188679	0.00423338	
MutationRateScaler7	93	29566	1	0.0188679	0.00707991	
RootPopulationSizeScaler7	11458	18172	1	0.0188679	0.0534996	
LeafPopulationSizeScaler7	255	29389	1	0.0188679	0.00243292	
MutationRateScaler8	7311	22350	1	0.0188679	0.0230885	
RootPopulationSizeScaler8	11595	18076	1	0.0188679	0.0480812	
LeafPopulationSizeScaler8	9090	20547	1	0.0188679	0.0197471	
generation 130000:
name	number_accepted	number_rejected	weight	weight_prob	tuning_parameter
DirichletProcessGibbsSampler	24529	0	10	0.188679	none	
ConcentrationScaler	3417	3839	3	0.0566038	2.02931	
TimeSizeRateMixer	28359	65460	6	0.113208	0.0187307	
TimeRootSizeMixer	37151	55452	6	0.113208	0.0326935	
EventTimeScaler	131723	224777	1	0.0188679	0.0571033	
MutationRateScaler0	10761	21258	1	0.0188679	0.035715	
RootPopulationSizeScaler0	13292	18771	1	0.0188679	0.0599779	
LeafPopulationSizeScaler0	13290	18735	1	0.0188679	0.0428941	
MutationRateScaler1	1770	30284	1	0.0188679	0.00799669	
RootPopulationSizeScaler1	11769	20194	1	0.0188679	0.0683996	
LeafPopulationSizeScaler1	3784	28210	1	0.0188679	0.00380653	
MutationRateScaler2	11722	20272	1	0.0188679	0.0401852	
RootPopulationSizeScaler2	13400	18545	1	0.0188679	0.0615023	
LeafPopulationSizeScaler2	13493	18474	1	0.0188679	0.0549266	
MutationRateScaler3	12317	19678	1	0.0188679	0.0449886	
RootPopulationSizeScaler3	13544	18411	1	0.0188679	0.0680692	
LeafPopulationSizeScaler3	13756	18223	1	0.0188679	0.0629831	
MutationRateScaler4	8643	23456	1	0.0188679	0.0278856	
RootPopulationSizeScaler4	12521	19512	1	0.0188679	0.0463165	
LeafPopulationSizeScaler4	12488	19611	1	0.0188679	0.026824	
MutationRateScaler5	11287	20702	1	0.0188679	0.0396447	
RootPopulationSizeScaler5	12377	19654	1	0.0188679	0.0575012	
LeafPopulationSizeScaler5	13110	18899	1	0.0188679	0.0510297	
MutationRateScaler6	1591	30460	1	0.0188679	0.0099785	
RootPopulationSizeScaler6	12215	19770	1	0.0188679	0.0413275	
LeafPopulationSizeScaler6	4346	27631	1	0.0188679	0.0041489	
MutationRateScaler7	100	31918	1	0.0188679	0.00684667	
RootPopulationSizeScaler7	12416	19584	1	0.0188679	0.0533581	
LeafPopulationSizeScaler7	286	31747	1	0.0188679	0.00235377	
MutationRateScaler8	7954	24066	1	0.0188679	0.02282	
RootPopulationSizeScaler8	12548	19511	1	0.0188679	0.0479133	
LeafPopulationSizeScaler8	9954	22061	1	0.0188679	0.0196237	
generation 140000:
name	number_accepted	number_rejected	weight	weight_prob	tuning_parameter
DirichletProcessGibbsSampler	26411	0	10	0.188679	none	
ConcentrationScaler	3663	4163	3	0.0566038	2.02941	
TimeSizeRateMixer	30578	70118	6	0.113208	0.0185676	
TimeRootSizeMixer	39951	59493	6	0.113208	0.032624	
EventTimeScaler	142050	241245	1	0.0188679	0.0568874	
MutationRateScaler0	11607	22779	1	0.0188679	0.0355332	
RootPopulationSizeScaler0	14319	20126	1	0.0188679	0.0599355	
LeafPopulationSizeScaler0	14315	20095	1	0.0188679	0.0428439	
MutationRateScaler1	1941	32507	1	0.0188679	0.00778494	
RootPopulationSizeScaler1	12676	21644	1	0.0188679	0.0681309	
LeafPopulationSizeScaler1	4199	30186	1	0.0188679	0.00373327	
MutationRateScaler2	12639	21761	1	0.0188679	0.0400186	
RootPopulationSizeScaler2	14436	19879	1	0.0188679	0.0615125	
LeafPopulationSizeScaler2	14501	19856	1	0.0188679	0.05485	
MutationRateScaler3	13314	21061	1	0.0188679	0.0449086	
RootPopulationSizeScaler3	14518	19812	1	0.0188679	0.0679109	
LeafPopulationSizeScaler3	14793	19561	1	0.0188679	0.0629536	
MutationRateScaler4	9358	25131	1	0.0188679	0.0276127	
RootPopulationSizeScaler4	13476	20937	1	0.0188679	0.0461831	
LeafPopulationSizeScaler4	13417	21071	1	0.0188679	0.026749	
MutationRateScaler5	12190	22197	1	0.0188679	0.0394556	
RootPopulationSizeScaler5	13333	21078	1	0.0188679	0.05736	
LeafPopulationSizeScaler5	14110	20301	1	0.0188679	0.0509378	
MutationRateScaler6	1751	32693	1	0.0188679	0.00971521	
RootPopulationSizeScaler6	13172	21212	1	0.0188679	0.0411785	
LeafPopulationSizeScaler6	4711	29649	1	0.0188679	0.00406559	
MutationRateScaler7	105	34271	1	0.0188679	0.00663695	
RootPopulationSizeScaler7	13352	21031	1	0.0188679	0.0531882	
LeafPopulationSizeScaler7	314	34111	1	0.0188679	0.00228251	
MutationRateScaler8	8684	25727	1	0.0188679	0.0225948	
RootPopulationSizeScaler8	13504	20944	1	0.0188679	0.0477718	
LeafPopulationSizeScaler8	10711	23677	1	0.0188679	0.0194611	
generation 150000:
name	number_accepted	number_rejected	weight	weight_prob	tuning_parameter
DirichletProcessGibbsSampler	28243	0	10	0.188679	none	
ConcentrationScaler	3905	4466	3	0.0566038	2.02835	
TimeSizeRateMixer	32925	75002	6	0.113208	0.0184205	
TimeRootSizeMixer	42912	63533	6	0.113208	0.0325861	
EventTimeScaler	152543	257573	1	0.0188679	0.0566976	
MutationRateScaler0	12514	24345	1	0.0188679	0.035357	
RootPopulationSizeScaler0	15377	21503	1	0.0188679	0.0599122	
LeafPopulationSizeScaler0	15377	21486	1	0.0188679	0.0428513	
MutationRateScaler1	2130	34776	1	0.0188679	0.00759292	
RootPopulationSizeScaler1	13645	23130	1	0.0188679	0.0679022	
LeafPopulationSizeScaler1	4571	32266	1	0.0188679	0.00366145	
MutationRateScaler2	13587	23255	1	0.0188679	0.0398835	
RootPopulationSizeScaler2	15471	21312	1	0.0188679	0.0614164	
LeafPopulationSizeScaler2	15523	21279	1	0.0188679	0.0548003	
MutationRateScaler3	14299	22536	1	0.0188679	0.0447733	
RootPopulationSizeScaler3	15528	21271	1	0.0188679	0.0677486	
LeafPopulationSizeScaler3	15888	20919	1	0.0188679	0.0629732	
MutationRateScaler4	10114	26848	1	0.0188679	0.027359	
RootPopulationSizeScaler4	14434	22405	1	0.0188679	0.0460494	
LeafPopulationSizeScaler4	14448	22495	1	0.0188679	0.0267134	
MutationRateScaler5	13106	23713	1	0.0188679	0.0392846	
RootPopulationSizeScaler5	14329	22514	1	0.0188679	0.0572413	
LeafPopulationSizeScaler5	15200	21663	1	0.0188679	0.0509235	
MutationRateScaler6	1953	34976	1	0.0188679	0.00947597	
RootPopulationSizeScaler6	14184	22654	1	0.0188679	0.0410898	
LeafPopulationSizeScaler6	5128	31687	1	0.0188679	0.00399091	
MutationRateScaler7	116	36751	1	0.0188679	0.00643765	
RootPopulationSizeScaler7	14342	22500	1	0.0188679	0.0530654	
LeafPopulationSizeScaler7	351	36518	1	0.0188679	0.00221682	
MutationRateScaler8	9338	27527	1	0.0188679	0.0223418	
RootPopulationSizeScaler8	14500	22418	1	0.0188679	0.0476627	
LeafPopulationSizeScaler8	11510	25324	1	0.0188679	0.019314	
