time	mean	median	95HPD lower	95HPD upper
0.0	0.8735849787723007	0.612944041506731	0.030681899712853837	2.493942186026345
1.702853915608794E-4	0.8550631603002031	0.6035075611601202	0.04691164007647371	2.421446213727815
3.3417283355781455E-4	0.8388169220997257	0.5955054867507144	0.05204729623809865	2.3585687675952256
4.935363877464562E-4	0.8235291068838395	0.5879177814141517	0.05543076902747592	2.302738856813232
6.473844571804959E-4	0.8091284027898662	0.5802104425081277	0.05540999663354304	2.2521461152403335
7.979327125706659E-4	0.7953197444084674	0.5727867985631745	0.05545589953168687	2.2052059178593124
9.435602536230438E-4	0.7821687258507781	0.5655830431428694	0.05690051219896353	2.163549327142499
0.0010855658016694222	0.7695377329689207	0.5584684436843548	0.057606789191708	2.1212059657560673
0.0012249223546975218	0.7573084795866869	0.5515268382582401	0.0629508880742391	2.0819238312709376
0.0013614778438030017	0.7454760677650709	0.5445945593867427	0.05608962790658967	2.0326369233469745
0.0014948275736060628	0.7340273810647162	0.5379455287532582	0.055525154274422554	1.9940423160095255
0.0016245525508184655	0.7230074075121593	0.5314687771167139	0.060208089723973915	1.9627334152331013
0.001751550100091242	0.7123055086513354	0.5249823070429708	0.057077120938763125	1.9271716110843333
0.0018760259843507907	0.7019155686593719	0.518489408234527	0.056877980956493206	1.894009228718908
0.0019985995214703107	0.6918035054851525	0.5120256386111429	0.05608962790658967	1.8615310270847742
0.0021182975272544904	0.6820876300173874	0.5058899900428808	0.05758028998655502	1.8319448150492146
0.00223659496554636	0.6726184052430211	0.4994633943168673	0.05608962790658967	1.801465274376855
0.002352494267193649	0.663472377938548	0.4934488015290906	0.055525154274422554	1.7776220779296439
0.0024666158448403436	0.6546042241201954	0.4877755115405422	0.05090970154145906	1.7475398392583796
0.0025786833580329436	0.6460192351103309	0.4821077745791335	0.046344943953126154	1.7161001008337857
0.0026887618927482256	0.637709355791959	0.4763771729938951	0.048272504398311517	1.6939206026380105
0.002797353253502176	0.6296283077400909	0.47084995228081533	0.04557883100265738	1.667185614964926
0.00290438326335405	0.6217826923173363	0.4657285846032992	0.04663059262718009	1.6463698791370116
0.0030093513071593352	0.6141768081533776	0.46051038718705395	0.04661335908908511	1.6258116824748645
0.0031137186829904317	0.6066961242980449	0.4555439766615623	0.04714847316149063	1.6064684699450562
0.003216228441670892	0.5994522503254862	0.45083998405366216	0.04558478752883351	1.58567285998798
0.0033173783899136445	0.5923988168738158	0.4462739962612525	0.046859777410887545	1.567221799256656
0.003417375516975264	0.5855141179761297	0.4415390628408922	0.046859777410887545	1.5477094295160687
0.003515767938153587	0.5788410002978032	0.4369663970625256	0.04559841909205277	1.5293720698343354
0.003612734024465672	0.5723496971259074	0.4329270995679198	0.04415804259288225	1.5118758682289473
0.003708537493993055	0.5660212026721877	0.42858989817883814	0.04235294683489748	1.4946779303124738
0.0038035835139755146	0.5598381320633645	0.4242507683267321	0.042890530627179006	1.4794735695677133
0.0038972798372106008	0.55384204235044	0.4198731872466995	0.04362872052053149	1.4638645225074831
0.0039901917368541625	0.547982414022832	0.4160038915059094	0.044047439501690384	1.4493595449705505
0.0040821896626346745	0.5422585698447717	0.41212456333644354	0.043249732151598	1.434624349105402
0.004172618758213845	0.536712453136281	0.4082557502305054	0.04047005426506729	1.417300802585617
0.004263412876502344	0.5312163561652573	0.4043813957160017	0.0430744175729688	1.405014511731032
0.004352980974321733	0.5258642924973247	0.40080667264042114	0.04362872052053149	1.3900833794121525
0.00444115751039301	0.5206581307349445	0.3969911846758866	0.042964881388255494	1.3733525795610984
0.004528804673327094	0.5155434921209838	0.39335502067068967	0.04295105371719299	1.3601854406309941
0.00461578652515253	0.5105333944715392	0.389548959582848	0.04407629285704126	1.3475380921509454
0.004701531248939103	0.5056605086916114	0.3861652710420629	0.04227473578254592	1.332972371131624
0.004786838378823493	0.5008736840770874	0.3827936841915265	0.043249732151598	1.3211763092463997
0.004871647638940211	0.4961751636465362	0.3795235001790281	0.044047439501690384	1.308235509832028
0.004955249604361444	0.49160478480130504	0.3762802238216387	0.04117262274354253	1.2933098697559595
0.005038382356825133	0.4871221606301468	0.3731403611143947	0.04433553171833159	1.2829695495218563
0.005120689921332519	0.48274239914632555	0.3698336863887549	0.045574441371683656	1.271968323927795
0.005202647820131789	0.4784360391329464	0.36677815487792004	0.043293855191433736	1.2578134414001625
0.005283079797878384	0.4742648142915351	0.3638598517330093	0.044047439501690384	1.246930676442031
0.005363647353708597	0.47013650547077024	0.36091809231511385	0.044047439501690384	1.235515763299449
0.005444079137911841	0.46605481403203497	0.35810430888899514	0.044047439501690384	1.2243439793189261
0.005523507464121867	0.4620716719891301	0.3552618446340243	0.0419424000962485	1.2105533262342347
0.005602010464634429	0.4581816163239145	0.35218180785206676	0.04375776302227214	1.2019510932843063
0.005680254468610232	0.45435070783418374	0.3493458149590389	0.041905777142277445	1.1895911537558108
0.005757745649937676	0.4506028906191201	0.3465998232375535	0.04420341824349717	1.1817199895421258
0.005834937757078289	0.4469135622894699	0.3439201052639682	0.044047439501690384	1.1700035224005385
0.005911659017626639	0.4432949233082674	0.3411203324470428	0.044047439501690384	1.1605835621888394
0.005987967501388814	0.43973251513712686	0.338430205924578	0.044047439501690384	1.1508735396659944
0.006063936435090985	0.4362154856780039	0.335838759112488	0.04420341824349717	1.1419669393751857
0.006139471888472608	0.43274252497743926	0.3330678351389112	0.04407629285704126	1.1348850776698227
0.006214326397837696	0.42932813886522186	0.33061959492079857	0.0419424000962485	1.132036526462618
0.006288437333660245	0.4260701302413633	0.3282959084990273	0.04245682492599088	1.12231888794091
0.006362341454392288	0.4229439580842844	0.3258960076201815	0.044047439501690384	1.1071481870698403
0.00643587353033583	0.4198811241014515	0.3236264896596354	0.044047439501690384	1.0985059452957244
0.006509586089370592	0.41684971228369666	0.321307727284905	0.04426811606159856	1.0907557815554199
0.006582733542767825	0.4138765422209828	0.31923326345953346	0.04415804259288225	1.0824859782837732
0.006655767904081641	0.4109449274615763	0.31712231397139506	0.04323183990541419	1.074093771552914
0.0067282127882435094	0.40807764148170783	0.3150961605009484	0.044047439501690384	1.0679649367092232
0.00679974306559517	0.40527669270719824	0.3128342738374888	0.04420341824349717	1.061398918846328
0.006871278629562094	0.40249933396851845	0.3104267741910227	0.04386729099267778	1.0532906309585732
0.0069427326262886235	0.3997540758326285	0.30811791493718244	0.04403973767899086	1.046676869034888
0.007013710465709395	0.39705420989274665	0.30596799788999496	0.043249732151598	1.0395363419228225
0.007084439148355297	0.3943856415807064	0.3038770647761378	0.043249732151598	1.0330876726112928
0.007154427484495863	0.3917734517969667	0.301853873638921	0.04386729099267778	1.026626243372969
0.0072242842309134785	0.38919308772752553	0.29978564640144734	0.043249732151598	1.0184860090857104
0.007293792199399839	0.38664385355398867	0.29781400238807726	0.04411487338557178	1.0131107513189532
0.007362985920475545	0.3841267555863158	0.2955397914022618	0.04407629285704126	1.006368921953051
0.007432260926060413	0.3816271115073399	0.2934403559883152	0.04401633633377594	1.0001539640382413
0.007501306916618717	0.379156709039696	0.2913468094690878	0.043345335307427534	0.992472130967457
0.0075698277550068855	0.37670915852333925	0.28943318084260516	0.04245682492599088	0.9846104568379306
0.007638231616402875	0.3742803092346293	0.2874603472227388	0.04160768391863242	0.976886030857877
0.007706580445391376	0.37187579871621085	0.2855968481994346	0.04401633633377594	0.9726653070667467
0.00777434649700125	0.36952549594309997	0.2837241490785865	0.04433466283976849	0.9674987606787262
0.007841566976346108	0.3672200846269648	0.2819378082555459	0.04330530211911981	0.9604570202098562
0.007908862044099317	0.3649379473347355	0.28003994869454657	0.041055259760770374	0.952431005273061
0.007976198441749209	0.36268678320224124	0.27816948252683277	0.04245682492599088	0.9478918551863635
0.00804334618188295	0.3604701009839999	0.2764071214955679	0.04247365108441494	0.941926552821888
0.0081101254125429	0.3583031211891512	0.27466170056363054	0.04258752829661289	0.9355165046716851
0.008176462364254136	0.35617379665200466	0.27293116069633006	0.04245682492599088	0.9302169086595944
0.00824325944345795	0.3540511116362181	0.27103294365472114	0.04173427335917861	0.923762219247175
0.008309280507639877	0.3519722358453892	0.2692490871094567	0.04295105371719299	0.919419124253884
0.008375227170354278	0.34991813438822283	0.26742702463038	0.04094991793843228	0.9122163176332311
0.008440931482892804	0.34789240523351006	0.26562128502458227	0.04243598964440832	0.9089529978554203
0.008506589529274567	0.34589009076972715	0.26382070965120147	0.0424745343832161	0.9044986737214158
0.008572103030836985	0.34391620790118166	0.2620359119920975	0.04245682492599088	0.8994813408449212
0.008637033428044769	0.3420093339602684	0.2603122062231684	0.04258795188089327	0.8918369263382914
0.00870181738611072	0.340108822990002	0.25873832178227507	0.04258795188089327	0.8872881177504099
0.008766586366448632	0.3382281183983314	0.25692481376115994	0.0419424000962485	0.8814029010913184
0.008831135628500375	0.336371697720351	0.2554193058118704	0.0419424000962485	0.8767110432352428
0.008895376203285265	0.33454544123497876	0.2538351318675915	0.0424745343832161	0.8732087681579331
0.008960011496619628	0.3327266897274808	0.2522606237634955	0.04295092788880898	0.8698759351839657
0.009024009784499517	0.3309453883453112	0.2507112483175343	0.043151755754043654	0.8656237347234124
0.0090881814315342	0.3291793954968824	0.24913237262414287	0.0427176896342603	0.8604010384421179
0.00915208136822357	0.32744035865981014	0.24744706595729912	0.04287383127533541	0.8555800844397684
0.009215768373493242	0.32572721461509135	0.2459971614336656	0.04245682492599088	0.8519450369770675
0.009279430369366175	0.32403467191180235	0.24446216456838596	0.0419424000962485	0.8478204699057134
0.009342783299311251	0.3223689036977338	0.2430910416968096	0.04245682492599088	0.8450068209175592
0.009405819083052295	0.32073323421817246	0.2416737921161454	0.04041464284717801	0.8390616340591037
0.009469063110594169	0.3191191660565239	0.24029643064671613	0.04258795188089327	0.8369444575636763
0.009532215570548444	0.3175289986333383	0.23877587789517613	0.04196310622025167	0.83101526774372
0.009595362774573358	0.3159576770167311	0.23745766394486467	0.04060907788044229	0.8248439671112636
0.009657909427783764	0.3144167726751778	0.23595094099054825	0.04157715724334602	0.8210926776849048
0.00972051357466617	0.3128866572746315	0.2345317514916823	0.041139559075400074	0.8170482061898868
0.009783256052187777	0.3113680566069254	0.23320561318646718	0.0416329727650765	0.8138096348144002
0.009845502518232381	0.3098760431303007	0.23179391150827416	0.041593725640826966	0.8105240201086171
0.00990777128595765	0.308396421683606	0.2304239980071818	0.04303641067513614	0.8084731635729084
0.009970266804819926	0.3069273636637709	0.22906918596914333	0.0416329727650765	0.8031686892580763
0.010032237606377226	0.30549434701079003	0.22770245310557113	0.0414515587479154	0.799638765138178
0.010094019076320326	0.3040875144360881	0.22634989547888792	0.04160768391863242	0.7963882522881766
0.010156002224525233	0.3026947614249369	0.22507149884833264	0.043343724216099465	0.7945793180916608
0.010217433039356566	0.30133548122459636	0.22366795211138316	0.042964881388255494	0.7906188361902415
0.01027931837451421	0.2999854645759458	0.22243314125515926	0.04401633633377594	0.7892515470290352
0.01034108448601112	0.2986507577881347	0.2212546954948375	0.044743587241955755	0.786680260176796
0.010402419775032439	0.2973387966731029	0.22009845864514682	0.04407629285704126	0.7827696483844518
0.01046341345990442	0.29604654689689885	0.21879523432942272	0.042964881388255494	0.7782683753434103
0.010524567525038728	0.2947653734935125	0.2176207317998629	0.04365362113104088	0.7758430010722742
0.010585512873747639	0.2934996282891032	0.21654634625798677	0.04160768391863242	0.7713782537937751
0.01064659898639467	0.2922449603980236	0.2152778107686281	0.0419424000962485	0.7683944156226505
0.010707685857848547	0.2910044409417725	0.21416639054240305	0.041844286661078096	0.7656577289329964
0.010768623539561185	0.28978298186565155	0.2130603370017265	0.04193001374312171	0.7626851684267848
0.010829217770752011	0.28858194499869305	0.2119308839042934	0.04193619943583167	0.7593232602932617
0.010889937084066053	0.28739369758747285	0.21094163689840215	0.04160768391863242	0.7563309470950078
0.010950665383958896	0.2862192864124941	0.20994405768881233	0.04157503499611728	0.7540327065083652
0.0110113644535285	0.2850581997545383	0.20894927633485857	0.04114528488318773	0.751026050098803
0.011071997047542498	0.2839117229457058	0.20777761045277265	0.04176145734581344	0.7488238291304933
0.011132543754563557	0.28277865022008497	0.20676356811109994	0.04186377278241296	0.7463895413640645
0.0111928968851283	0.2816649402512752	0.20573279843162137	0.04324644614418434	0.7451854812779479
0.011253366753510062	0.28056210561963274	0.20475206608296678	0.04300906251953205	0.7421289263678126
0.0113133988412686	0.27947713537063185	0.20371027365035949	0.04164382685872614	0.7378719111980728
0.011373330653906853	0.27840586213667456	0.20272687597490666	0.041883893165027296	0.7355964682847541
0.011433602460794681	0.277336598278235	0.20171630634786675	0.04191306500051075	0.7330623826881592
0.011493441820913103	0.2762869743935586	0.20071631617853475	0.04162480588655704	0.7299300756267351
0.011553924255015047	0.27524112714542004	0.19978052276369743	0.04195186902346274	0.7276893583576984
0.011613577811459476	0.2742201641577622	0.19890983353443348	0.04190483389008951	0.7249673346394423
0.011673454036705395	0.27320799529043854	0.19799656149317332	0.04159416411510631	0.72214290268192
0.011733493379361823	0.272201271524814	0.19705248455325142	0.04114528488318773	0.7187747797592152
0.011793128581542378	0.27120936651408906	0.19617502460752728	0.0416329727650765	0.7170251659918891
0.01185259782101742	0.270230367802219	0.19528241986651207	0.04147556702732732	0.7145397573148606
0.011912167999988706	0.2692593945682639	0.19439284708460042	0.04044280585117547	0.7110224475687813
0.011971571743103331	0.2683013055793912	0.19364696232383272	0.04136137711793965	0.7093860143497224
0.012031079778453753	0.2673498781998344	0.19276201926467415	0.04048162392827145	0.7058714878514861
0.012090525513746776	0.2664108661301164	0.19189720280875494	0.04048615663098189	0.7035018088688347
0.012149994693881842	0.26548458856447565	0.1911410441749102	0.040429739048460506	0.7013251644562116
0.01220912513639426	0.26458093742591055	0.19037564545784677	0.0416329727650765	0.7004201460867895
0.01226819134021326	0.26369317186346797	0.1895310944477038	0.04073853209347585	0.6974598772438544
0.012327556315731644	0.26280809613653106	0.18876870757148262	0.04114528488318773	0.6956599631858934
0.012386503405709915	0.26193853546866397	0.18806872045013953	0.03964032376821322	0.6919043174380133
0.012445578794492306	0.26107086914718025	0.18728560117594106	0.04157782093942549	0.6912633052157149
0.012504484982033652	0.2602145704537799	0.18645654834548256	0.04044803136778112	0.6881843075515618
0.012563538534954434	0.25936682442023656	0.18575043752738066	0.04160768391863242	0.6868492784361088
0.01262224233464295	0.2585322126880068	0.1851129412921207	0.041260440237043096	0.6840782175675708
0.012681208698442458	0.25770234526435704	0.1845246738134986	0.038470931654361135	0.6790311185840442
0.012739720012106466	0.25688835994571607	0.18392554221358753	0.039031088484839827	0.6773488578241701
0.012798534147547806	0.2560775678525425	0.18325746184632705	0.040117518203531204	0.6770546553762649
0.012857091427099059	0.25527786977298994	0.18257870650092614	0.040117518203531204	0.675527659436674
0.012916075582868577	0.2544806253105007	0.18200415600198105	0.04113967399266713	0.674414245179004
0.012975047417916148	0.2536915995792206	0.1813940413315335	0.04061835673522281	0.6720258507235417
0.013033972990410975	0.25292887804612146	0.1806361161884354	0.04177917031804926	0.6703982170296962
0.013092737608863416	0.25218405740910826	0.1800340438764332	0.04131083530079073	0.6670937532744506
0.013151389313762012	0.251439104766466	0.1793799325692924	0.04196310622025167	0.666012119601642
0.013210544450536078	0.2506883216725378	0.17878296669748042	0.04192815925277671	0.6640137685684449
0.013269064061288078	0.24995010500977174	0.17823099034774215	0.04048615663098189	0.6604479659317918
0.013327858618930325	0.2492146859138504	0.1775792478435452	0.04262303415503803	0.6608372545643787
0.013386477217897262	0.24848835832898966	0.17705868195109326	0.043249732151598	0.6594750265533109
0.013445193190172526	0.24776794799172944	0.17648246966220837	0.04245682492599088	0.656803962618171
0.013503821276229889	0.24705621152553636	0.17609005546190165	0.04245682492599088	0.6555466895096924
0.013562188006261655	0.2463564650040234	0.17562300027172228	0.043788014981728136	0.6555164709519774
0.013620952251563304	0.24565940936271394	0.1751121998199574	0.04378036753730542	0.6535696813757446
0.013679601913221071	0.24496921460424367	0.17461941388790045	0.04074162612582703	0.648712392652803
0.013738711104699966	0.24427833631105175	0.1740685459630148	0.03791761369804213	0.6442225243917401
0.0137977107337286	0.24359815869451296	0.17350995292663207	0.040428377595198406	0.6450536787012572
0.01385666304252219	0.24292473900532657	0.17298897923694148	0.03870285349160074	0.6414314775782487
0.013915507471415511	0.24226070122987137	0.17246492925960377	0.039716810486315784	0.6400060002453957
0.013974185696557215	0.24160782817737786	0.1720014554594934	0.04048615663098189	0.6384276993519173
0.014032837053283734	0.2409649090130964	0.1715297020982211	0.039925130945598526	0.6354620159950175
0.014091492462032706	0.24032902663937558	0.17103210735981303	0.04008058848866082	0.6336440120466554
0.01415041039617016	0.23969749390786857	0.17057048684904133	0.040117518203531204	0.6316474198345209
0.014209137491509198	0.23907410689930716	0.170165856047716	0.04048615663098189	0.6299028112410187
0.01426785820349177	0.23845569025116908	0.16972636939833805	0.040117518203531204	0.6270823693261595
0.014326561922546709	0.23784060305999452	0.1692751553969861	0.04239341079743023	0.6270715323677124
0.014385915492122484	0.23722432996535744	0.16875112830457614	0.041587681043492225	0.6239405774529885
0.014445080759157677	0.23661684767069183	0.16828448124745554	0.03901253791940411	0.6191186463167803
0.014503798203421214	0.23601797748883482	0.1678630800492533	0.03913957324486083	0.6165575639333742
0.014562976709847944	0.23542130991161875	0.1674470203627454	0.04180888066789761	0.6165654969063327
0.014621517568504242	0.23483854152878514	0.16708700745350338	0.040741778773324105	0.6129165384052634
0.014680192931088624	0.23425944404971605	0.16665718231589144	0.04162619725204338	0.6113177181692898
0.014739050097253886	0.23368142372902556	0.16629239543943147	0.04245682492599088	0.6101945389332227
0.014797731554804308	0.23310996268047404	0.16587982266526272	0.04245682492599088	0.6083520031359074
0.01485662526051564	0.23254009158460168	0.1654481608369559	0.04245682492599088	0.6065910923939166
0.014915523299619855	0.23197402809789958	0.16512979907491646	0.042405470337785044	0.6046330020185517
0.014974709359278322	0.2314110416702286	0.16477586015152904	0.042405470337785044	0.6026612770696372
0.015034284517083614	0.23084940343694238	0.1644414486668692	0.043249732151598	0.6019017129302034
0.015093615977353602	0.23029725856556701	0.16406790930400883	0.043249732151598	0.5999433530171249
0.015152369164401816	0.22975929055064417	0.16374977095830745	0.04192576768347894	0.5965657975783384
0.015211673429889654	0.22922237354105823	0.1634392193791859	0.044792817361870546	0.5980133212706763
0.015270921158182033	0.2286909234466796	0.16307973351413074	0.044247057757957786	0.5957386050410393
0.015330425019846033	0.2281624340814802	0.16276378207694497	0.043249732151598	0.5930224414369747
0.015389798015495662	0.22764126008665359	0.1624290966428493	0.043249732151598	0.5914401497550955
0.015449241503557807	0.22712454028403237	0.16212779480278253	0.04426811606159856	0.5909890699749386
0.015508826046313214	0.22661112417554433	0.16182155054100045	0.04325649188089202	0.5881037248247484
0.015568117214008486	0.22610531480283155	0.1614868267160925	0.043039199293485784	0.5863554164135547
0.015628044757370917	0.22559829277679322	0.16114432351223432	0.04420341824349717	0.586124630501502
0.0156877480137354	0.22509743775359542	0.16078492743743691	0.04295105371719299	0.5832266765657514
0.015747296887960664	0.22460152171099823	0.16053702801521563	0.042405470337785044	0.5811547691216175
0.015807098276988223	0.2241075809209064	0.16026691792670356	0.04295105371719299	0.5802511760613693
0.015866924228193344	0.22361777990775006	0.15995699326651905	0.04263715917403562	0.5782936793101849
0.015926823253352686	0.22313148918465597	0.15972610008323873	0.04291439019063956	0.5770216281654671
0.015986751885641304	0.2226487502251772	0.15942421016330657	0.04290421035148001	0.5757525972159542
0.01604664253727029	0.22216988966269974	0.1591913324896582	0.044007007438392295	0.575564393994424
0.016106185154001643	0.22169854938670963	0.15889709101031266	0.0416709041913905	0.5718370318169085
0.016166119854050934	0.22122830980155161	0.1586001308180716	0.04294431658668757	0.5713768677167226
0.016226054074652236	0.2207614990707508	0.1583730856970581	0.04324850802323512	0.570363428882438
0.01628645913241634	0.220294250473944	0.15814860063080904	0.044074261474360124	0.5695154194417968
0.01634639366396151	0.21983439272451236	0.15792945687632765	0.04401633633377594	0.5680934809457767
0.0164066535876731	0.21937504900867064	0.15769508003466753	0.043788014981728136	0.5667125019824006
0.016466778725420947	0.21891990225141705	0.1574355008306675	0.043788014981728136	0.5651021803582875
0.01652702615971606	0.21846717188946438	0.1572040646151332	0.043788014981728136	0.5638331644173914
0.01658736283612985	0.21801787380735427	0.15693026735175936	0.04426811606159856	0.5627815035240509
0.016647622637393184	0.2175718217422237	0.15665705378933886	0.04438040126441135	0.5615523872512468
0.016708303302488008	0.21712530861318194	0.15643945439349732	0.042405470337785044	0.5578090198873809
0.016768830013164777	0.21668403441395617	0.15620936826316864	0.04295105371719299	0.5566649422189248
0.016829475893421295	0.21624442753032636	0.1559863368967055	0.042949778111373	0.5551004926451457
0.016890054781638256	0.21580763124794927	0.15577457477677406	0.0424745343832161	0.5530371813116334
0.01695083914489987	0.21537219150535938	0.15553062403725956	0.042405470337785044	0.5515953469534746
0.017011867428246327	0.21493745286052268	0.15531897040081888	0.042964881388255494	0.5505529154002926
0.01707262554753297	0.21450850367096522	0.15513664008970088	0.044047439501690384	0.5501899706264725
0.017133681360404395	0.21408099706462444	0.15492569441033813	0.043788014981728136	0.5487076038756294
0.017194935123201215	0.21365504250937037	0.15473439221967206	0.043031015250321575	0.5467197257618335
0.017256202305108374	0.21323152902207643	0.15455390650005182	0.04433466283976849	0.5468443053507873
0.017317628013438578	0.21280989127694303	0.15431518947810757	0.04375270641375643	0.544682548595147
0.017379040384629518	0.21239154481271394	0.15414273640063525	0.04327588533896714	0.5428403488229065
0.01744045756102542	0.21197562525875602	0.15390274247709818	0.04433346191987578	0.5424205530452413
0.017501947697641223	0.21156198338578	0.15371711890096124	0.04433466283976849	0.5411750212841995
0.017563380767471205	0.21115155548416192	0.15354793888034873	0.04401633633377594	0.5393840509813997
0.01762521953607206	0.21074162426017207	0.15333228954175723	0.04407629285704126	0.5383336091043696
0.017687089471585146	0.21033201959620068	0.15314393348685482	0.04420341824349717	0.5370662658246266
0.0177485900869411	0.20993004680007227	0.15294162329346483	0.043039199293485784	0.5345094049847673
0.017810688797263625	0.2095268640124733	0.1527838558632824	0.04433466283976849	0.5341068923274781
0.01787278601790022	0.20912580538431147	0.1525716192486534	0.04258795188089327	0.5307391951064347
0.017934684807149413	0.20872673528666125	0.15235355273548765	0.04303063542228449	0.5296671250940149
0.017996614893424696	0.2083326481502751	0.1522199061267108	0.04455218243819009	0.5296017075034106
0.018058824820180997	0.20793817482927232	0.15203599367543102	0.042405470337785044	0.5258235966769248
0.018121088699383277	0.2075459970222152	0.1518757668098545	0.0419424000962485	0.5237877489725021
0.01818358752315717	0.2071560961616546	0.1517514903601034	0.043788014981728136	0.5240688661890057
0.01824584656564762	0.20677088466416563	0.15157034867165353	0.042964881388255494	0.5215554686187106
0.018308569845027427	0.20638530734073152	0.15142811522532906	0.043249732151598	0.5205497488022413
0.018371214411770365	0.2060036441598834	0.15123973818643832	0.04318663669926614	0.5190854094168033
0.018433843019507404	0.20562499969737133	0.151099139424974	0.044047439501690384	0.518516704158539
0.018496407111141103	0.20524974822974723	0.15093271554952647	0.043788014981728136	0.5167939804495032
0.01855894209225007	0.2048771508898103	0.15080353917615769	0.04432661495686541	0.5162686231493111
0.0186221648387662	0.20450233449517433	0.1506769394831216	0.04313949092004588	0.5141304628811212
0.018684975011602975	0.20413235040840352	0.1505205046218365	0.043821299817462175	0.5136133725741746
0.0187480839750059	0.20376425549954888	0.15039690639570658	0.04318663669926614	0.511667754466969
0.018811333200248404	0.20339815171933667	0.1502686097854106	0.04420341824349717	0.5111998788725427
0.018874259211984965	0.20303579668986227	0.15012200070463638	0.042904483679905674	0.5086040797895293
0.01893791620120891	0.20267108807803455	0.14995154696839708	0.04292122305501922	0.507426643970113
0.019001760848654785	0.20230815914095435	0.1498006645609465	0.043156357110674406	0.5062069496757798
0.019065621574235952	0.20194811303265636	0.14966970736043067	0.043249732151598	0.5052018159003957
0.019129333293637	0.20159106886029066	0.14951324370124444	0.042964881388255494	0.5040880233980634
0.019193308921464834	0.20123543833265808	0.14939680988915272	0.042984689578897596	0.5030472042469293
0.01925723208890942	0.2008837779538296	0.14922768882787774	0.044047439501690384	0.5029230623748231
0.019321173776889564	0.20053503230710096	0.149102428329796	0.04401633633377594	0.5015271267977762
0.019385553072496276	0.2001865941963115	0.14896400333005227	0.044792817361870546	0.5011921054866346
0.01944958428266888	0.19984267191848876	0.1488550667610731	0.04420341824349717	0.49924737286764
0.019513924427583283	0.1994994176283286	0.148724706859254	0.043039199293485784	0.49697689698363545
0.019578450342896334	0.1991575438168709	0.1485987392752583	0.043503070958895634	0.4963063465807223
0.019643253817916068	0.1988166931587936	0.14848398062568333	0.043821299817462175	0.49554087813383146
0.019707628427211164	0.19848001855142633	0.14833664156842596	0.044902317356934375	0.49550580410008965
0.019772642794538803	0.19814238615639362	0.1481933475285302	0.043249732151598	0.4924573345436061
0.01983752073764044	0.19780791775292111	0.148071221310827	0.04313949092004588	0.4911121602585703
0.01990279012638605	0.19747347733958137	0.14793816132256887	0.043249732151598	0.4899317161182887
0.019967807625244437	0.1971428165690043	0.14780758908618657	0.04318663669926614	0.48887574805604384
0.020033257570726916	0.1968122088707181	0.14770090399337651	0.04318663669926614	0.48765342008272305
0.020098820916549603	0.1964825653167978	0.14755953367869198	0.044047439501690384	0.4872644655859879
0.020164126245838306	0.1961541009853398	0.14741338892177175	0.04330530211911981	0.4855090489779149
0.020229876542285134	0.19582568471899925	0.14729892951584617	0.04313949092004588	0.4842197600951249
0.02029516268121867	0.195500848845989	0.14716949430788134	0.04318663669926614	0.48320422871694246
0.020360645079483753	0.195175615345223	0.1470549666989098	0.043039199293485784	0.4820976020364038
0.020426471071176514	0.19484956243396012	0.14692187979297014	0.0430799436305881	0.4812365899423524
0.020492509532482852	0.1945239413139608	0.14677983062704264	0.043249732151598	0.4802548671019463
0.020558880052889278	0.1941984172281179	0.14662602208810113	0.04313949092004588	0.47908410491824416
0.02062546503779194	0.19387426036959715	0.14653727351763107	0.04493354448044038	0.47985788845898025
0.020691834243753208	0.1935554170815063	0.14639649676014313	0.04407629285704126	0.4778785867651588
0.020758967967341883	0.19323433454898123	0.14628648713421777	0.04437944451975573	0.4770350847473343
0.020825953941198464	0.19291531773143966	0.14616738909368626	0.044902317356934375	0.47644643012729093
0.020892956077011738	0.19259827436770716	0.1460572776003637	0.04552037231012431	0.4758485028532064
0.020959820267699856	0.19228416089225941	0.14591272764578814	0.04515993984349192	0.47434024300230654
0.021027298637985074	0.19196940459771486	0.14579490144054308	0.04495601783458691	0.47309640162823585
0.021094808305587926	0.19165649168970472	0.14568784677166446	0.044988466004486485	0.4719206164304191
0.021162221888968706	0.1913451740070813	0.14554750723488133	0.04520539466508488	0.4711135728571587
0.02122983404610357	0.1910342443526266	0.14541254561732442	0.04297911248767789	0.46790521891204845
0.02129734727151634	0.1907264270628779	0.14528725639985132	0.043249732151598	0.4670655354152109
0.021364852081160627	0.19042102894381138	0.14515922927808253	0.04493354448044038	0.46760025092263036
0.02143294008415425	0.1901141260783497	0.1450365471949459	0.044988466004486485	0.4664778118145506
0.021500778605151375	0.1898095842191038	0.1449387762599997	0.04401633633377594	0.4644334078701479
0.021569327778267772	0.18950418861535404	0.14481903440814103	0.04493354448044038	0.46410724929445946
0.02163751516714392	0.1892043291311883	0.14472164883479569	0.04483311591991163	0.4627856237012214
0.021706000211136257	0.18890499917886505	0.14461415620985155	0.04375776302227214	0.4604685352689554
0.021774851123730378	0.18860665353686623	0.1445023218832711	0.04497128035036887	0.4604860456120963
0.021843485017930618	0.18831035753516456	0.1443996731637249	0.04492173250897014	0.4592261475665071
0.021912338570361366	0.18801381368765208	0.1442543954537366	0.044902317356934375	0.4581166931435471
0.021981216400366373	0.18771884832407984	0.14413297547346157	0.04455218243819009	0.4566036936627721
0.022049957414240665	0.18742628894769192	0.144047370787922	0.043821299817462175	0.4550115589747168
0.022118995181007996	0.1871333997953043	0.1439137319827985	0.04401633633377594	0.4544885974984212
0.02218834576285986	0.1868399358958746	0.14381318081005867	0.045022458434133765	0.45498367831946884
0.022258177615493542	0.18654518649323204	0.14370814249259253	0.04433466283976849	0.4536527848318155
0.022328522609395916	0.186250646740923	0.14360682146515114	0.044902317356934375	0.45316512578888046
0.022398566034824985	0.18596018058467956	0.14350925862726432	0.04380071916943981	0.45101657026228803
0.022468289605305822	0.18567525938078397	0.14340855314079687	0.04495813720206749	0.4513773677207011
0.022538308963865484	0.18539233525994353	0.1433124324550228	0.044061842796875986	0.4495757068065188
0.022608484450002703	0.18510794296258967	0.143197958596728	0.04403873825921478	0.44864560690912764
0.022679107199554578	0.1848225644534055	0.14311479342715208	0.04380071916943981	0.44779578420798355
0.022749467917131654	0.18454017578853707	0.14302278181867198	0.04374730553436571	0.4471575606975132
0.022820158521066215	0.1842590912302506	0.14294290893236142	0.04433466283976849	0.4468376120301713
0.02289073850532217	0.18398352309779575	0.14284926291151442	0.04377760091899945	0.4449852803393301
0.02296154427349547	0.1837116434726311	0.14276903145698425	0.043788014981728136	0.443963015793685
0.02303304465213172	0.18344095541886532	0.14268714258512377	0.044200497939049864	0.44329254694730263
0.023104536996042795	0.18317123190894738	0.1426264985715523	0.04293469118664813	0.440527642079984
0.023175982936755053	0.1829031309469236	0.1425673358060297	0.043249732151598	0.43941739065790986
0.023247409936817762	0.1826367563570412	0.14251803488613327	0.04420341824349717	0.43917110348620025
0.02331927416804	0.182369410026373	0.14246132849537088	0.043039199293485784	0.4365726455682678
0.02339107385912589	0.18210190471710325	0.14237088333056228	0.044302307722220026	0.4365352117458016
0.023463265925877146	0.18183355798431752	0.14229011234866498	0.04401633633377594	0.434699169515248
0.023535484473809043	0.1815675580771983	0.14219255046099244	0.044193924665699165	0.4336113042051886
0.02360787654659891	0.1813051454028508	0.14209653944484935	0.04375776302227214	0.43186730083573194
0.023680598030861564	0.1810491830472122	0.14203179535300478	0.04401633633377594	0.4310941247185483
0.02375385091506919	0.1807965208093989	0.14192849122284196	0.044750204621437174	0.43052356503877254
0.023826875799611028	0.18054640207289047	0.14184369875266373	0.043788014981728136	0.4285317412198031
0.02389983123267185	0.1802979015317114	0.14175990779026662	0.045022458434133765	0.42874441010617226
0.023973242456466495	0.18004901311131574	0.14170304162113048	0.045022458434133765	0.42768925329258545
0.024046620824851348	0.1798011128426205	0.14160910426777623	0.043249732151598	0.42501762440109325
0.024120173153929995	0.17955364382731032	0.14154496710208894	0.04428396018921138	0.42490728526724847
0.024193713630262886	0.17930665328066445	0.14147993312322266	0.04437944451975573	0.42382778294578743
0.02426793753297319	0.17905794428131971	0.14140946111191752	0.04433466283976849	0.42278351584866564
0.024342074762789413	0.1788106113246319	0.1413278117178752	0.044988466004486485	0.4221161004227101
0.024416526730747026	0.1785628444348677	0.14127347011609154	0.045022458434133765	0.42133029122840976
0.024491107343572818	0.17831547571085	0.14119977863484887	0.045022458434133765	0.420326639330008
0.024565963849268103	0.17806709483806524	0.14111976498422765	0.04506149150039746	0.41920720528623495
0.02464100912263575	0.17781810285927474	0.14104949495143101	0.045022458434133765	0.418120975204867
0.02471613390925149	0.1775693546863197	0.14097614648985876	0.0440100934868183	0.4161653010162528
0.024790979847720197	0.1773215576968808	0.14091285952835236	0.045022458434133765	0.41607301670321445
0.024866179164423675	0.17707152127029033	0.14085379777569512	0.045022458434133765	0.4150580876453797
0.024941820458735723	0.17681886479072012	0.14079116857177865	0.045022458434133765	0.41377794699523074
0.02501767298158907	0.1765656398497617	0.14071232759954336	0.04495813720206749	0.41284316654790515
0.025093577467777475	0.17631232983897968	0.14064598445268997	0.045022458434133765	0.41187485798203055
0.025169822675866413	0.17605644095633724	0.14059012928768974	0.04506149150039746	0.41084231961017537
0.025246092708920358	0.175800005045477	0.1405063402817321	0.04542466571768223	0.4103181897452136
0.025322737089991772	0.1755421949474982	0.14043069150629245	0.04558268620339416	0.40964244923124044
0.025399473570992242	0.17528425574324139	0.14035245791557918	0.04520539466508488	0.4079921769730713
0.025476554232646335	0.17502589125394322	0.14028246808106	0.044902317356934375	0.40637209715578004
0.02555383051484528	0.17476767755744363	0.14023161850502827	0.044902317356934375	0.4051912771451657
0.025631448468336298	0.17450882587710168	0.14018710307683777	0.04515993984349192	0.40423462219758294
0.025708658124009878	0.17425217872274415	0.14012092752181965	0.045022458434133765	0.4027689612265348
0.02578665665120147	0.17399373455355704	0.1400638559114778	0.04435378254658911	0.40068773351562215
0.025864419651233393	0.173737025584169	0.13998559399432262	0.044958136148705585	0.3999622895593912
0.025942571279066955	0.17348013983978797	0.1399119626566414	0.04520539466508488	0.3992255245824549
0.026021269050297998	0.17322245766926825	0.13983446878145683	0.044988466004486485	0.39823901824342894
0.026100238782760715	0.17296514957663642	0.13974196361858515	0.045574441371683656	0.3980724243571979
0.026178981051483776	0.17271045225922604	0.13962532292856258	0.04552227704861925	0.3973986517643483
0.02625814699651284	0.1724561901100486	0.13950253260041426	0.045574441371683656	0.39681283410078755
0.026337506671735164	0.17220501371047164	0.13941773396409182	0.04471710311888018	0.3968591160085667
0.026416524724840528	0.17196630088927609	0.1393504847018402	0.04486328314066835	0.39827007395499525
0.026496577655080462	0.17177305955998098	0.13928676315130264	0.04515993984349192	0.39792192523470143
0.02657662700954374	0.1716071122676278	0.13922843756421266	0.04552227704861925	0.39702355622159424
0.02665640585755131	0.17144694346502395	0.13919505639025498	0.04493354448044038	0.3926179673378686
0.026736982880782488	0.17128714552799731	0.1391631074661363	0.044902317356934375	0.39054837049035573
0.026817266221482564	0.1711299126711532	0.1391035080077998	0.04552227704861925	0.3903537260402404
0.026898404755697877	0.17097195262072723	0.13907384028297165	0.04552227704861925	0.38955057689269473
0.026979463791148486	0.17081501014587128	0.13903059386873015	0.04558268620339416	0.38883154303743006
0.027060684398820752	0.1706570578178388	0.13905179938612464	0.04581443997345694	0.3882898903828992
0.02714241052477671	0.170493755370272	0.13904990100643622	0.04495813720206749	0.38649507975264497
0.027224423733335737	0.1703260685903985	0.13904759483427703	0.04502154135284224	0.38550296406774465
0.02730631112997155	0.1701574364639705	0.13904319004279078	0.045022458434133765	0.3846422834330192
0.027388521828508965	0.1699874882921447	0.1390045959276962	0.044792817361870546	0.3835860193693227
0.027470982164852373	0.16981692015635982	0.13895404821262627	0.045022458434133765	0.38289545861490315
0.02755381567491728	0.1696453327394715	0.13890114859599137	0.04506149150039746	0.38210957516420824
0.02763623739339212	0.16947434167781558	0.13886214673155373	0.044988466004486485	0.38094676906263747
0.027719576809318504	0.16930167986757932	0.13881908356242773	0.04506149150039746	0.3801051247304519
0.02780293144501804	0.16912979682278179	0.13877784242183888	0.04520539466508488	0.3794540261083353
0.02788703727983469	0.1689568871631044	0.13873233314731545	0.04483311591991163	0.3783389037386299
0.027971166099473074	0.16878448639406005	0.1386607925931453	0.04495813720206749	0.3777268253956466
0.028055339094817992	0.16861275855409544	0.13860599145658756	0.04583761498166795	0.37780770245544953
0.0281395078687786	0.1684424293982521	0.13854707049646253	0.044902317356934375	0.3760573785676112
0.028224218165481076	0.16827218280182255	0.1385143030780299	0.04501238675374053	0.37534223743347395
0.028308907416881603	0.16810280304013195	0.1384587812178593	0.04493354448044038	0.37456985442435103
0.028393878779193995	0.16793404932745265	0.1383845426865136	0.045022458434133765	0.37385343189462134
0.028478768188188137	0.16776701192366208	0.1383248579618951	0.04495813720206749	0.3728477359469805
0.028563838938179337	0.16760084689387747	0.1382775778376912	0.044902317356934375	0.3721889059822317
0.028649472270578718	0.1674352777741672	0.13821188495538786	0.044902317356934375	0.37131587666213717
0.028735190678702685	0.16727042618525204	0.1381537034463521	0.045022458434133765	0.37064943120190663
0.028821488249905436	0.16710571277471134	0.13812081959186168	0.045520227846194306	0.37051961555252433
0.028907891867912202	0.1669421913528798	0.13807130560915065	0.045022458434133765	0.3691842996156028
0.028994270498730303	0.1667798878828488	0.13801833101351307	0.04581443997345694	0.36938389459162946
0.029081749801914625	0.1666165614136684	0.13797688433413693	0.046143198198356536	0.3689697052394337
0.02916849998704336	0.1664559285097888	0.13791674249286218	0.04515993984349192	0.3672153324647938
0.02925630639049494	0.16629479406302658	0.13787394331089287	0.045022458434133765	0.36626743548142915
0.029343942086709415	0.16613535471784802	0.13783310875687316	0.04507930182423737	0.36556109998744124
0.02943217932710583	0.16597607403283515	0.13778719511375834	0.045022458434133765	0.3645960178798189
0.02952034366442176	0.16581822657734194	0.13775897483648689	0.045574441371683656	0.3644498583788845
0.02960894733748165	0.1656608930923303	0.13772830928978902	0.045022458434133765	0.3631595500761794
0.029697497340757703	0.16550463725086811	0.1376900485685319	0.04615963379206847	0.3635404898360959
0.0297864561297336	0.16534909798937172	0.1376524529917516	0.04581443997345694	0.36234876112900477
0.029875841224780784	0.16519417618346302	0.13760994618539882	0.04529292761505473	0.36111190042944896
0.029965772547339512	0.1650397267923149	0.137583183199282	0.04495813720206749	0.3599657290576685
0.03005587936170327	0.16488590403485862	0.1375494759245187	0.044902317356934375	0.35900417554174546
0.0301457828242516	0.16473369463867224	0.13751866209665636	0.044792817361870546	0.35819629601349706
0.03023630531962181	0.16458198868898002	0.13748188884236606	0.044902317356934375	0.3576691926556271
0.030326303800209883	0.16443247731130947	0.13745122928072384	0.04495813720206749	0.35691119928095566
0.030417303707938142	0.1642823008206508	0.13741572483965772	0.04506805723706411	0.3563315986889263
0.0305091225853913	0.16413091133836308	0.13737614085703367	0.045774896683761085	0.35624717630160424
0.03060059503473614	0.1639800876826757	0.13733124647962963	0.04506805723706411	0.3548669388591415
0.030692385845631245	0.1638312184544007	0.13730440852070414	0.045022458434133765	0.35400105684455146
0.030784432373012212	0.1636837704278695	0.1372611959369529	0.04615963379206847	0.35427073411699717
0.030876804214641704	0.1635382849081416	0.13722450752006024	0.04529292761505473	0.3526037623314865
0.03096999909076474	0.16339335205341887	0.13719011334932446	0.045795508033189006	0.35249873119382263
0.03106301885732271	0.1632500766508085	0.13715470741635113	0.046109313875667926	0.3522003919554203
0.03115622050772748	0.16310773149489827	0.13712217572271207	0.046134173927053886	0.3515192253535454
0.03125002036925277	0.1629661803396493	0.13709523560407205	0.04578169300122246	0.3505239447925126
0.0313441242258949	0.16282602853922434	0.13704458641388234	0.04603010608655422	0.3500328794859716
0.03143875654943021	0.16268373437067854	0.13701321547694087	0.04578169300122246	0.3489220432489282
0.03153357315543031	0.1625468074528749	0.1369807721109112	0.04558268620339416	0.3479249823035858
0.03162853479190193	0.16241144291162798	0.13694155841617722	0.04559841909205277	0.3472162416960304
0.03172392494401551	0.16227680058970714	0.13691114805159327	0.04603010608655422	0.3467846810678627
0.03181886513202855	0.16214459972895057	0.136881234706101	0.04581443997345694	0.3459722552505566
0.03191489367267813	0.16201221442179578	0.13685057792472266	0.04578169300122246	0.34516431608133924
0.03201091843340544	0.16188106716177647	0.13682044683561875	0.04578169300122246	0.3444035841093121
0.03210707676031132	0.16175098653935835	0.1367923909634714	0.046143198198356536	0.3442161832714979
0.032202972696631756	0.1616223766836018	0.13677497700039157	0.04534190141551329	0.3428758268351334
0.03230007190215683	0.16149276205460597	0.1367372612312903	0.04478551464996571	0.34182865226903547
0.03239768444388115	0.1613629020440184	0.13670182605607284	0.04433466283976849	0.34103979346158136
0.03249547819315554	0.16123382351100154	0.1366601016296872	0.04495813720206749	0.34133434801938867
0.03259358430060761	0.1611047837738906	0.136618490657288	0.045022458434133765	0.3410358662058125
0.03269186115452552	0.16097636264969187	0.1365873415131181	0.0451704457419396	0.34060888011822305
0.032790022577936874	0.16084910964759325	0.1365573104426753	0.04519943854525241	0.34008947003759876
0.032889204660268755	0.1607214034355173	0.13650089169955684	0.04558268620339416	0.3398877841128781
0.03298837456749059	0.16059477718785706	0.13645749722855652	0.045574441371683656	0.3392890125959709
0.03308806416180077	0.1604685982066495	0.13641804280671113	0.045022458434133765	0.33818062512625285
0.03318803008962304	0.16034300892075115	0.1363805022387197	0.04583761498166795	0.338488315526049
0.03328859448962599	0.1602176907330342	0.13635449506982197	0.04603010608655422	0.33807184254142597
0.033388493810776354	0.16009434348291346	0.13632950157124907	0.045795508033189006	0.33730176957985797
0.03348940041896077	0.1599705994331446	0.13629467851725716	0.045022458434133765	0.3359969212429336
0.03359078650639634	0.1598477091938464	0.13628048808735602	0.046853834032934645	0.3372014721510565
0.033692865575261716	0.15972543526588476	0.1362545309074459	0.04578169300122246	0.33542239071919366
0.03379480246894793	0.15960467411986778	0.13622684276990135	0.046324847993259435	0.3352237601834733
0.03389726814216972	0.15948434875408535	0.13619479488917863	0.04680925879243687	0.3350089574212508
0.03400017306589848	0.15936812621757354	0.13616546748003233	0.044988466004486485	0.3324663769467192
0.03410349270755511	0.1592574631265479	0.13613718958033366	0.04495813720206749	0.33160032782726273
0.034206373922268676	0.15914921983322233	0.13610268052047628	0.04515993984349192	0.3305345019994321
0.0343101731803526	0.15904099107054145	0.13607249636709282	0.04534190141551329	0.3296741115996532
0.03441411367601438	0.15893331269933567	0.13603060997988206	0.04603264264523514	0.3295664332441732
0.03451803866270093	0.15882577183725924	0.13602026074437815	0.046324847993259435	0.3292687355595782
0.034622721575812365	0.1587170618995122	0.13598217877752608	0.04682297334821586	0.32910422470868406
0.034727889457647744	0.15860710982042484	0.13596066837077442	0.04669412918033566	0.32837726937937417
0.034833683360138444	0.15849580436272723	0.13594945795496258	0.04581443997345694	0.3268934901727225
0.034939538455220374	0.1583844744298149	0.13593958556406333	0.044902317356934375	0.32541096831723293
0.035045842591248044	0.15827297341692154	0.13592507445661925	0.045119752171818094	0.3248934449933244
0.03515210050483261	0.15816207077273808	0.13590666282842453	0.045574441371683656	0.324799808737013
0.03525830217401166	0.15805129847456217	0.13588500274661208	0.04580346943281769	0.32447742717488487
0.03536547457095986	0.15794001596112411	0.1358647085793314	0.04558268620339416	0.323632968907789
0.035473233989610845	0.1578292226763323	0.13584972694573394	0.045014003441277074	0.3224599108734834
0.03558103083722401	0.1577193384401048	0.13583297698158683	0.04520539466508488	0.32203712950072855
0.03568971062543924	0.15760932382964948	0.1358021953403931	0.04583761498166795	0.32212201518857736
0.03579856702984823	0.15750019145986702	0.1357771425421773	0.04578169300122246	0.32149926675179064
0.03590769743849178	0.15739174826709781	0.13575271375385856	0.04633080490486823	0.3214641982431044
0.036017081392937855	0.15728413580217587	0.13571903798985055	0.04583761498166795	0.3204684896831449
0.03612673269111206	0.15717694159718384	0.13568758708924022	0.046324847993259435	0.3203912584529418
0.03623731964090548	0.15706987623760266	0.1356582247754216	0.046626604567850276	0.32007834966352133
0.03634771975127401	0.1569642974165641	0.13563277707333954	0.046859777410887545	0.3197011222615283
0.036459384030229906	0.15685904923307423	0.13561169560738537	0.04603010608655422	0.31834390443968597
0.036570811037592445	0.15675529478422787	0.1355970075758793	0.04669412918033566	0.31843655221031636
0.03668293565239084	0.15665173271565278	0.1355644207596614	0.046859777410887545	0.31795059678807663
0.03679582910780919	0.156548445952201	0.1355352126773662	0.046853834032934645	0.3175614264745084
0.036908150495690864	0.15644650006871558	0.1355080414495763	0.046675310627950446	0.3168936914788606
0.03702147331519049	0.15634460167396272	0.135490874967824	0.04663059262718009	0.3164499500990934
0.03713488786198764	0.15624348873788488	0.13547664886624589	0.046707490994954	0.31597396926760185
0.03724887097430438	0.15614275952712153	0.13544885981480828	0.04683860778505881	0.31557279472436206
0.03736332472879035	0.15604250542247594	0.13542598354179006	0.046859777410887545	0.3149449307279885
0.037478386370824845	0.1559430415224476	0.135410484322955	0.046894594539952456	0.31457665553787223
0.03759365063122928	0.1558444580939257	0.13539792786333035	0.046853834032934645	0.31407129079991447
0.0377092512541627	0.15574663884614318	0.13538971598592497	0.046324847993259435	0.31317007172532174
0.0378255552416376	0.15564902135366915	0.1353721973078132	0.046853834032934645	0.3132042098969843
0.03794259390559728	0.15555180448020822	0.13536109572840485	0.04631087014372395	0.3121994243135751
0.03805909133708951	0.15545590745165527	0.135349634377458	0.046010009322574444	0.3114087714124441
0.03817674478379647	0.1553600263706076	0.135337387767503	0.045795508033189006	0.3107052442385119
0.03829430947944682	0.15526528349491378	0.1353142286996634	0.046143198198356536	0.3105269475726593
0.038413008163689914	0.15517074664008865	0.13530347330309583	0.046324847993259435	0.3102787423389953
0.03853176941830973	0.15507681476227717	0.13528599032559463	0.046894594539952456	0.3102702036888576
0.038651458808808305	0.15498282656477805	0.1352751943384028	0.04749143391464877	0.31039774359158845
0.03877105481891591	0.15489000292603228	0.13524556399971	0.047275075351931144	0.30973932368713397
0.038891579959464774	0.15479764947346505	0.1352266715261178	0.046707490994954	0.3086072204724836
0.03901246714139155	0.1547057443709967	0.13521553405628883	0.04557330733469412	0.30707452053105594
0.03913308104689692	0.15461474164297498	0.13519543857980548	0.04682333632799952	0.3077522792919779
0.03925469842648716	0.15452378066183364	0.13517747847572648	0.046859777410887545	0.3071431896851738
0.03937662537881445	0.1544333029365339	0.1351620209452894	0.0472636646052725	0.30706076814042704
0.03949942788633533	0.15434301584589916	0.1351397847949219	0.047275075351931144	0.3066374041203629
0.03962225807153795	0.1542536368085417	0.13511173596018947	0.046876318620734055	0.30587325387235126
0.03974527062884996	0.15416480693951534	0.1350914317710374	0.046853834032934645	0.30534069929984065
0.03986948918334456	0.15407595161651677	0.13507921571725143	0.0472636646052725	0.3052740349881135
0.03999387592647278	0.15398791649460747	0.1350671897241361	0.04684859341401199	0.30444420347101186
0.040118863215822656	0.15390035571402833	0.13504153053499393	0.047275075351931144	0.3045024816677392
0.040244204945947645	0.1538137420202852	0.13502230347336264	0.046853834032934645	0.3036803642051455
0.04036995209071168	0.15372773800765688	0.13500575989793395	0.04669038970348756	0.30299001282043897
0.04049641716260831	0.15364189312692644	0.1349827652301311	0.046559245930254005	0.3023890000571113
0.0406232918497006	0.15355666366568557	0.13496347867393127	0.047275075351931144	0.3026202482604634
0.04075051274473233	0.15347223402457366	0.13493887362154897	0.04751993285182315	0.3023613588048657
0.04087849780174863	0.1533881417912921	0.13492864703527593	0.047275075351931144	0.3016548827733615
0.041006658361388844	0.15330470174503316	0.13491085888752175	0.047275075351931144	0.3011806046559379
0.04113517394621107	0.15322194300559355	0.13489276325674243	0.04679320478157264	0.30029702256425284
0.04126426521894351	0.15313975336211177	0.13487380222923886	0.046853834032934645	0.2999387385960713
0.041394077047655575	0.15305786904894675	0.134849737006577	0.047275075351931144	0.30003439339812576
0.04152402516334637	0.15297709698138695	0.13483632248662403	0.04751993285182315	0.2999244583771875
0.04165451223147387	0.1528968785838958	0.13482095336126856	0.046876318620734055	0.29875905526501195
0.04178577255872568	0.15281712966424255	0.13480162624311826	0.046853834032934645	0.29829317902752994
0.04191787025962751	0.15273796076467322	0.1347817462793373	0.046853834032934645	0.2979414915211609
0.042050641955524444	0.15265979831004634	0.1347614747981197	0.046853834032934645	0.29746818415545173
0.04218376820510234	0.15258230182146548	0.13475586132291204	0.047275075351931144	0.2974478622719571
0.04231766573205687	0.1525052465978144	0.13473854368142693	0.046853834032934645	0.2964935801989736
0.042452094905244916	0.1524287664894409	0.13472527641454884	0.046853834032934645	0.29606529666206044
0.04258672179983267	0.15235269898714052	0.13472018414167192	0.046859777410887545	0.29555002190328106
0.04272178229828827	0.15227713762420733	0.13471376919148273	0.046853834032934645	0.29506689187960145
0.04285733787450492	0.15220213592634	0.13469542276794186	0.0472636646052725	0.29515544493892854
0.04299390980545573	0.15212732187713818	0.13468474696194985	0.047275075351931144	0.2947435545733625
0.0431311296909238	0.15205295626936988	0.1346682624559914	0.0472531914127547	0.29444813995283947
0.04326863651340938	0.15197926756182126	0.13464818828945357	0.048099192530856205	0.2948945303340644
0.043406787144960074	0.15190624278958323	0.13463319369994714	0.04857159176166551	0.2950442409188465
0.04354610240467302	0.15183324226769318	0.13462420167762376	0.04860248693790985	0.29474100341529
0.04368546527303201	0.1517611888881775	0.1346066653490277	0.0472636646052725	0.2931153310863881
0.043825835825733336	0.15168932858173634	0.13458349249472412	0.04860748485796336	0.29406518085990063
0.04396656677842238	0.15161779405522638	0.13456801781870234	0.0472636646052725	0.29241680861487696
0.044108300019197653	0.15154658235601912	0.13455615578068997	0.046853834032934645	0.29166088621045383
0.04425028119410159	0.15147607623762205	0.13452406439867284	0.04727722505365745	0.29172064042136703
0.04439279683297052	0.15140622693221797	0.13451252762470842	0.04737652700128444	0.29153085466157913
0.04453609825487228	0.1513364323664304	0.1345014107057877	0.046859777410887545	0.29067789780707143
0.04467891647069922	0.15126741960574835	0.13448275302153473	0.046853834032934645	0.29033628833949054
0.04482357809493857	0.15119827533973687	0.13447032867092798	0.047155227205707105	0.2903621520068519
0.04496834992901613	0.15113021309004562	0.13445760521091463	0.04747327497183978	0.2903621520068519
0.04511349128052537	0.15106312852108364	0.13444807824951907	0.046859777410887545	0.28930835653579984
0.04525880904996046	0.1509970012557934	0.1344220492053301	0.046853834032934645	0.28895435522630686
0.045405689092518346	0.15093083601969104	0.13441185165516947	0.0472636646052725	0.28909513798068437
0.045553135777311675	0.1508651501493686	0.13439202992852628	0.04682333632799952	0.2882692314060356
0.04570145180346971	0.15079978218230677	0.13438908821382262	0.046907920424785914	0.2880116713339561
0.04584975123750759	0.1507352810084555	0.13438110826579086	0.04727722505365745	0.28798199300263816
0.045998793087585935	0.15067132897493324	0.13436958077827896	0.047275075351931144	0.2877097131315288
0.046148548344366914	0.1506076713857416	0.13435569990200538	0.04754159250488839	0.2876010870493017
0.04629923182607229	0.1505442390406614	0.1343324353437391	0.04751475607740855	0.28728504167775654
0.04645095674049032	0.15048139206887934	0.13432742336044226	0.0475253907066644	0.2869988345401399
0.04660354862237449	0.15041887648237	0.13432084086212465	0.0479110599207072	0.28703787787522045
0.04675580523767014	0.1503574728536973	0.13431679135323948	0.048465370560419746	0.287247055090286
0.04690911723098519	0.15029626062842005	0.1343027618361562	0.04737652700128444	0.2858428152388382
0.04706223294804331	0.150235641581943	0.1342929537363582	0.04738629014939716	0.28555634281636905
0.04721722554918881	0.15017518016958795	0.13427930281807732	0.047275075351931144	0.2850427806577189
0.04737270338310725	0.15011566325508327	0.1342586433651978	0.04751475607740855	0.2849783237567188
0.04752797041230597	0.15005712920473283	0.13424673342412474	0.04751993285182315	0.28474993664032544
0.04768420320608307	0.14999882804914327	0.13423714671604228	0.04758504509593894	0.2845977222268548
0.04784201042241983	0.1499409381918206	0.13422610703664778	0.04857159176166551	0.2853779680985771
0.048000164845283	0.14988319871317604	0.13421714297638507	0.04825150021051178	0.2847749086492989
0.0481583568841334	0.1498254112322899	0.13420945153965957	0.04860248693790985	0.2848011950636998
0.04831709231449153	0.1497681563004867	0.13419527128754777	0.04860248693790985	0.28457547651563636
0.048476611386806485	0.14971155529695734	0.13417424224161317	0.049101353869511505	0.28483367777655416
0.04863651796217959	0.1496559873640947	0.13416472149481767	0.049101353869511505	0.28457547651563636
0.04879880809133037	0.14960022011201185	0.13414807316309782	0.04929354250784712	0.28457547651563636
0.048961167271801644	0.1495450187275788	0.13413000596136782	0.04969828058740591	0.28475268532018055
0.04912463629778086	0.1494908787528429	0.13411564169399265	0.050529013790064144	0.2853020365724457
0.04928899167503239	0.1494364355190471	0.1341055447345623	0.050369726468813505	0.284824041434715
0.04945362877539687	0.14938352386345258	0.13409547902101082	0.050398602976421514	0.2845598011186847
0.04961975856749788	0.14932989388636211	0.13407872568162912	0.050629729003539806	0.2845598011186847
0.0497859737156696	0.1492776676496406	0.13406256030055475	0.050940558710097346	0.28462970019659933
0.04995356564832385	0.14922453797343888	0.13405543789079855	0.051117433428179586	0.2845598011186847
0.05012137751423132	0.14917193627994196	0.13403150477431813	0.04858618509842695	0.28177641261021397
0.05028968990767816	0.14911980182572554	0.1340216083293147	0.048594712706881274	0.2815239560009948
0.0504578914245063	0.14906825536582136	0.1340068099546081	0.048594712706881274	0.28134747890085254
0.05062693772666763	0.14901683279878694	0.13399869378700285	0.04913521786086727	0.28166088419356694
0.05079764997166814	0.14896553023179296	0.13397817490300679	0.04938400810726569	0.28165373122988246
0.05096940265304709	0.1489145073163067	0.1339637773496283	0.04968653597443672	0.2816931217091077
0.0511425039499485	0.14886364454818696	0.13395151962548588	0.04972383118768521	0.2815849959800052
0.0513158712586095	0.14881344329419646	0.1339374071847369	0.05001041312926237	0.2816853088439643
0.05148987544522786	0.14876357279322336	0.1339248475496577	0.050365046815066886	0.2818139769628814
0.051665087348006504	0.14871421573664476	0.13390368044253786	0.05046610631858244	0.2817026289677757
0.05184105047571799	0.14866527271796515	0.13389338334961126	0.050577982834243536	0.28160536361145583
0.05201743333864755	0.14861683403314252	0.13388282639264443	0.04800864682266674	0.27876844931285655
0.05219458775489854	0.1485687931376379	0.13386671746777423	0.04933091976769367	0.2799551694282369
0.05237174342619597	0.14852147376484504	0.1338534991809963	0.04972383118768521	0.28012039192872
0.05255068473329678	0.1484741236835191	0.13383938040367707	0.049785062855667174	0.2799551694282369
0.052730379361908955	0.14842734170838504	0.13381940835488138	0.05036472391039081	0.28022863259504016
0.052911074209577906	0.1483812254416677	0.13381415938812724	0.05045099812519633	0.2800718510028192
0.053092381088196354	0.14833514827694122	0.1338003706902969	0.050543650273949	0.27994760787080364
0.05327579626036294	0.1482888940231497	0.13378733616556704	0.05078172440265031	0.2799191209620388
0.05345948333264139	0.1482434708532691	0.13376832428501576	0.05027548299697547	0.27923899100146304
0.05364328792479804	0.14819873453765953	0.13375361622382576	0.050369726468813505	0.27911183816529833
0.053828048968718796	0.1481543522823964	0.1337399788487236	0.048594712706881274	0.2771112500359409
0.05401377062895586	0.14811020179946852	0.13372315429514545	0.04928578546546242	0.27763571158058836
0.054201049257284854	0.1480659676531076	0.13371783397514825	0.048251694417069044	0.27635117181586605
0.054388369442628974	0.14802241817640244	0.1336993693864303	0.04860248693790985	0.27646874830833745
0.05457716634298798	0.14797914175399973	0.1336939301225679	0.04866679318433473	0.27635040806667205
0.054766166532743764	0.14793631172226	0.1336881148181418	0.04860248693790985	0.2760586828929619
0.05495657895301496	0.147893629834409	0.13366758627804	0.049098651467808604	0.27635040806667205
0.05514723572894997	0.14785144292449023	0.13365391258159579	0.04894857036127614	0.2761044722958886
0.05534008551306808	0.14780937048706147	0.13364573872492125	0.050398602976421514	0.27734355380001346
0.055532909287304824	0.14776801052570823	0.13363769869787612	0.050379851503880434	0.27709575295697275
0.05572771040193541	0.14772679482392284	0.13362396903739965	0.049914431648014	0.27646874830833745
0.05592327859414122	0.1476860019073427	0.13360703682136618	0.050402394977530164	0.2766805152375958
0.05611948090409358	0.14764551137621548	0.1336013844211202	0.05034224505056246	0.27646874830833745
0.05631607738667291	0.14760559781687313	0.1335957533838502	0.0505399288490218	0.2765346291216054
0.05651438887656327	0.1475658912162939	0.13358305543239166	0.050577982834243536	0.2763872439351044
0.05671474404078194	0.14752624460276764	0.1335746023728795	0.05076708793915499	0.27635621522889087
0.05691472956093743	0.147487181361213	0.13356529364818695	0.05097756671205262	0.2763165171800427
0.05711566262531953	0.1474483993858366	0.13354941411136564	0.05077752354476441	0.27596965834856557
0.05731814450036482	0.14740981124659688	0.13353316669641066	0.050369726468813505	0.2754312551847184
0.057521248281766836	0.14737171277002967	0.1335232531878979	0.050532309217028164	0.2753941051838601
0.057726804506367094	0.14733355615044536	0.13350893131536226	0.05077752354476441	0.2754881150014444
0.05793337804005558	0.147295566892201	0.13350367116124626	0.05077752354476441	0.27524028468270045
0.05814170299772468	0.1472576768095455	0.13349755551537706	0.05197379874427733	0.2763035532098821
0.058349779035812586	0.14722018966550007	0.13347583988581904	0.05197379874427733	0.27612244155670906
0.05855952533970848	0.147182962312165	0.13346678563095007	0.051806938248794385	0.2757644752640056
0.05876959351551404	0.14714628882975497	0.1334501805276034	0.05182974475337053	0.2756203621939233
0.058980504050741865	0.14711024876285614	0.13344390428221348	0.051806938248794385	0.2754312551847184
0.05919173093396528	0.14707484418346453	0.13343777811247506	0.05190650057793389	0.27531668785751867
0.059405102500774715	0.14703967757987785	0.1334282547902223	0.0519863086538499	0.2752337836273662
0.05961921290630254	0.14700524129051346	0.13342001329063824	0.05216997320385	0.2752698606680825
0.05983526304667812	0.14697110708745673	0.1334079237542879	0.04860248693790985	0.2715254890937865
0.06005227897054497	0.14693730528597576	0.13339533266065923	0.048400196558453006	0.27113707923607916
0.06027085180521121	0.14690363763599296	0.13338756076205768	0.04857159176166551	0.27113707923607916
0.06049029028067087	0.14687018086211617	0.1333763566263022	0.04860248693790985	0.2709498859859271
0.06071122200012047	0.14683682756635782	0.1333649177072883	0.04860248693790985	0.27077202912783355
0.06093370890816555	0.14680387567486095	0.13335237412840775	0.05029131845042132	0.27238052186996636
0.06115635837652471	0.14677162047105596	0.13334296739592796	0.050379851503880434	0.27231468616472054
0.0613802430889744	0.1467393382071723	0.13333271131667632	0.04972683417089812	0.27145843498111094
0.06160670054404834	0.14670706400064673	0.13333222618463278	0.04968653597443672	0.2711708834755582
0.061833645737800896	0.14667511636910838	0.1333254953985023	0.04962138841555317	0.2709940864472592
0.06206213828784446	0.1466434422562795	0.13331770501483045	0.04972383118768521	0.2709940864472592
0.06229037706864274	0.14661214818380186	0.13331129614223614	0.04972383118768521	0.27082817067323783
0.06252157861497973	0.14658096717527802	0.13330391191013155	0.051277476152518965	0.27228044822479935
0.06275256238686279	0.14655032087901762	0.13329720972338407	0.05077752354476441	0.2715685770681868
0.06298556628754934	0.1465199027740019	0.1332834111523814	0.050379851503880434	0.2709842803746471
0.06322072887300711	0.14648986971674974	0.133278257724056	0.0505399288490218	0.2709940864472592
0.06345781014124044	0.14646018722301643	0.13327600076132806	0.05045099812519633	0.27084332225917096
0.06369399088401076	0.14643122707043696	0.1332669293330659	0.05045099812519633	0.2706672518982626
0.06393249684187897	0.1464022907745156	0.13326166947456838	0.05077752354476441	0.27084332225917096
0.06417296448409182	0.14637342586563806	0.13325096661854363	0.05077752354476441	0.27073653642271917
0.06441362183796519	0.1463453147806412	0.13324530054810974	0.050974603403775624	0.2708013945843238
0.06465549740152787	0.14631782052656483	0.13324137742576225	0.051114031637817754	0.27082817067323783
0.06489942512885566	0.14629059554881407	0.13323532162898755	0.051337158949130504	0.27094796748325645
0.06514531582490785	0.14626382007828362	0.13322916088966227	0.0514242666367906	0.27084332225917096
0.06539177445493015	0.14623739601985258	0.13322884046209227	0.05150078757993167	0.2708285134614655
0.06563987332388249	0.14621130348147202	0.133218392362608	0.051623647244087786	0.2708013945843238
0.06589048583022354	0.1461854931094669	0.1332162772430829	0.050780485399519674	0.26981712188590545
0.06614144070608625	0.14616008081238438	0.13322006337844178	0.05045099812519633	0.2693958958742711
0.06639399989165726	0.14613504163292404	0.13322006337844178	0.05034224505056246	0.26911611804397273
0.06664908206993939	0.14611008507908807	0.1332180616238655	0.050379851503880434	0.26911611804397273
0.0669043570424615	0.14608555275354884	0.1332084983808282	0.050457802281482125	0.26911611804397273
0.06715975507074086	0.14606143575699415	0.1332003652463266	0.05163711311074115	0.2701610287943284
0.0674182247335056	0.1460373205287058	0.13319708718636913	0.05197379874427733	0.2704229495247861
0.06767756696030883	0.14601345644941902	0.13319991692403635	0.051535585288398744	0.26982389402369966
0.06793954234301854	0.1459896843119876	0.13319586858401858	0.05164453533028667	0.2698244935881584
0.06820160263162317	0.14596622546690238	0.13319586858401858	0.05163828663090254	0.2697224709646993
0.06846599590368309	0.14594290965624632	0.13319357246774693	0.051806938248794385	0.26977417577886753
0.06873141048990537	0.14591976156824385	0.13319134494832668	0.05190650057793389	0.26974942606402935
0.068999041597918	0.14589652965035868	0.1331955403267346	0.05162377695992008	0.2693958958742711
0.06926875183532637	0.14587304590577993	0.1331883295038182	0.05179541927450906	0.2694240892739609
0.06954094263534942	0.14584930810268007	0.13318650211109656	0.05190650057793389	0.2693958958742711
0.0698136647614943	0.14582581589582402	0.13318464889012313	0.051924128737739154	0.2693047473127856
0.07008731648128064	0.1458026012774935	0.13317454057719402	0.05189034522555182	0.26911611804397273
0.0703637210515868	0.14577949980064836	0.13316556758023915	0.0519863086538499	0.26911611804397273
0.07064224727494123	0.1457565543651297	0.13315317030984244	0.051924128737739154	0.2690203660337173
0.07092208239644363	0.1457336641068737	0.13314759341843926	0.051806938248794385	0.26878938382749623
0.07120511690412451	0.14571080191546745	0.13314606797023046	0.05190650057793389	0.26882977658952983
0.07148709602955385	0.14568851878754127	0.13314325399865157	0.051855744150584825	0.26871390618723695
0.07177158559387889	0.14566642632160884	0.1331356664187839	0.051732030320858824	0.26845067152856533
0.07205815580713633	0.14564446811651224	0.13313260836501647	0.05177991776931908	0.2684163242841253
0.07234666830950534	0.1456227901273221	0.13312767781687623	0.05189034522555182	0.2684339931748874
0.07263660016657572	0.14560142010263774	0.1331227096874617	0.05182974475337053	0.26827911112693953
0.07292875726668217	0.14558021210337047	0.13311705273701782	0.05190650057793389	0.2682532470314981
0.07322232581951038	0.14555912612144065	0.13311705273701782	0.052219012290673314	0.2684339931748874
0.07351811287550353	0.14553797809301497	0.13311607223158572	0.05190650057793389	0.268013619134145
0.07381636891743583	0.14551696636629186	0.13311139614290637	0.051732030320858824	0.2677605984639784
0.07411636874133821	0.14549634749996052	0.13311082043269828	0.051806938248794385	0.2677520318341294
0.07441734559477814	0.14547602276521926	0.13311139614290637	0.05197379874427733	0.26779508619228076
0.07472251815106425	0.14545565823674833	0.13310523311819564	0.05179541927450906	0.26750884782185885
0.0750279048813698	0.14543565545166492	0.13310234147494118	0.05179274694061982	0.26740755420537937
0.07533577348069583	0.14541574531295356	0.13309744669426748	0.05190650057793389	0.26740755420537937
0.0756442795911208	0.1453960663884134	0.13309744669426748	0.05197379874427733	0.26740116119724305
0.07595592954129468	0.1453766897187641	0.13309583712578943	0.05216997320385	0.26747978288708263
0.07626918110341421	0.1453572812535635	0.13309346101675754	0.052219012290673314	0.2674217260137774
0.07658348835024545	0.1453381742114268	0.1330875446795447	0.05233137062314231	0.2674413373035263
0.07690062632069271	0.14531916301535153	0.13307837319282573	0.051806938248794385	0.26686126325358595
0.07722006414345933	0.14530039933057412	0.1330759965682201	0.05163828663090254	0.26660726285131126
0.0775421980691803	0.14528186558997733	0.13307359990365417	0.0505399288490218	0.26543358598001243
0.07786674737503362	0.1452636213868154	0.13306723341757276	0.05077752354476441	0.26559151066629566
0.07819250210073696	0.1452456860129118	0.13306667264647354	0.050398602976421514	0.26512527183427176
0.07852044177979174	0.14522792814025773	0.13306103772918643	0.04968653597443672	0.26438393391927445
0.0788483597082097	0.1452105032161773	0.13305582364831353	0.050777983794856624	0.2653744608122149
0.07917876843555878	0.14519323225105352	0.13305369914885432	0.05077752354476441	0.2652571641426693
0.07951464615859116	0.14517605989472723	0.13304869777214984	0.05052090924908493	0.2649333880252972
0.07985193517706933	0.14515916003666005	0.1330435005620186	0.050369726468813505	0.26469015279902536
0.08019069188863347	0.14514242971289534	0.13303936436831576	0.050379851503880434	0.26462360464991946
0.08053280051818629	0.14512572721641898	0.13303682184092536	0.051806938248794385	0.26597942630425137
0.08087617803732118	0.1451092071128171	0.1330321710980365	0.0505399288490218	0.26463318447438217
0.08122248721456668	0.1450927737280081	0.1330356951847716	0.05077752354476441	0.2647253857997445
0.08157059139857191	0.14507655035834144	0.13303514367785665	0.05077752354476441	0.26465731456832764
0.08192245509049646	0.14506041293188934	0.1330356951847716	0.05077425485288731	0.26458298437686406
0.08227582450061689	0.1450444559284238	0.13303439498156677	0.05179541927450906	0.26550039492628613
0.08263094065484802	0.1450285911090456	0.1330321710980365	0.051806938248794385	0.2654258811176044
0.08298839341502767	0.1450129103241363	0.1330321710980365	0.05162377695992008	0.2651446612681357
0.08334853405373487	0.14499762657443924	0.13302581088520055	0.05077752354476441	0.26420008809932766
0.08371161845941796	0.14498254880812364	0.13302581088520055	0.051806938248794385	0.2651288499899179
0.0840784971645544	0.14496747472469557	0.13302325875970153	0.0518612695883431	0.2651288499899179
0.08444493236322108	0.14495245419608754	0.13302325875970153	0.05151169816561913	0.26469015279902536
0.08481748827147069	0.14493743297117886	0.133020393064537	0.051535585288398744	0.26462360464991946
0.08518988568650322	0.14492274416292203	0.13302408571710655	0.05163828663090254	0.26462360464991946
0.08556714297807473	0.14490811021827193	0.1330269207756205	0.05177991776931908	0.264644892747704
0.08594725832228083	0.14489355433136095	0.1330269207756205	0.05190650057793389	0.26469015279902536
0.08633073088268237	0.14487907682840354	0.13302957740653293	0.05177991776931908	0.2645052449548292
0.08671622419018428	0.14486480084743047	0.13302957740653293	0.051864869639632556	0.26449533539244124
0.08710512651124196	0.14485066836825478	0.13302408571710655	0.051948821885141716	0.26448211333559773
0.08749648645819037	0.14483670692613657	0.13302325875970153	0.05179541927450906	0.26423990910649914
0.08789008425896888	0.14482297417064566	0.13302408571710655	0.051855744150584825	0.26423990910649914
0.08828548311737824	0.14480936932403862	0.13302451551703487	0.05190650057793389	0.26423990910649914
0.08868403164079375	0.14479584500319853	0.13302395991793808	0.05197379874427733	0.2642224340106101
0.08908729620916456	0.14478236971639952	0.13301333082810396	0.05197379874427733	0.264173299767057
0.08949125058108306	0.14476909813372288	0.13301315506950706	0.0519863086538499	0.2641088510584803
0.0898994457393082	0.1447558962503619	0.13301489179949041	0.051948821885141716	0.26400079685748773
0.09030904692713879	0.14474290706844728	0.13301399888282237	0.0519863086538499	0.26398137907617797
0.09072407469230005	0.1447299154328538	0.13300468142588998	0.052246246778159124	0.26422649350703764
0.09113979691228982	0.14471709345311368	0.13300464813052254	0.05163828663090254	0.2635405478276486
0.0915619240333247	0.14470430981758226	0.13300468142588998	0.05179152416801759	0.263612349479032
0.09198598426510403	0.1446917690987927	0.13300464813052254	0.05190650057793389	0.26367120821633694
0.09241308812491798	0.14467936938856366	0.13300464813052254	0.051948821885141716	0.26358410777327135
0.09284181956046013	0.1446671327045215	0.1330060665032922	0.051806938248794385	0.26337662608674106
0.09327468188074817	0.14465498820091857	0.13301315506950706	0.051606303735644427	0.2631094218914046
0.09371476847066618	0.14464288712631254	0.1330079761591752	0.05163828663090254	0.26310076627285545
0.09415575784562209	0.1446309183364915	0.13301315506950706	0.051948821885141716	0.263307077569972
0.09459899844298801	0.14461910216860618	0.13301361578553303	0.051806938248794385	0.2630671677252126
0.09504830206871898	0.14460729990271023	0.13301315506950706	0.05190650057793389	0.2630797703822322
0.09549978559582632	0.14459560783769795	0.13300786967672226	0.0519863086538499	0.26307001642936584
0.09595315203997855	0.14458409939879638	0.13300002045529327	0.05197379874427733	0.26300535058098257
0.09641129687176732	0.14457272936751409	0.13300002045529327	0.05200670205188849	0.26297646356391996
0.09687082868411924	0.14456156049976093	0.13299650360807236	0.052201843330547955	0.26309177986009186
0.0973359788369447	0.14455042549734884	0.13299273247845012	0.05283206338535898	0.26367120821633694
0.0978051855032236	0.14453932267163033	0.13299273247845012	0.05283206338535898	0.26358410777327135
0.09827637932772183	0.14452832816273906	0.13299313078446176	0.052319760298660374	0.263011292214919
0.09875222406862791	0.14451740431178786	0.13299273247845012	0.05197379874427733	0.262611902702272
0.09923147344499897	0.14450658048720813	0.13299181719224756	0.052355492452147386	0.26296811341872167
0.09971511179686599	0.1444958572313263	0.13298650338666568	0.052544115399262036	0.26309177986009186
0.10020210090273073	0.1444852040206441	0.1329872922032098	0.052632967893167716	0.2631094218914046
0.10069468542625869	0.14447460848482696	0.1329872922032098	0.052695096697737046	0.2631094218914046
0.10118975572160137	0.14446416773388585	0.1329861024876381	0.05274021963355905	0.26309177986009186
0.1016890673876259	0.14445384061101854	0.13298650338666568	0.052813892317623706	0.2631287052356705
0.10219330449286393	0.1444435866202227	0.13298650338666568	0.05283206338535898	0.26307001642936584
0.10270017542685138	0.14443367371905197	0.13298650338666568	0.052813892317623706	0.26300535058098257
0.10321206489985535	0.14442383306697398	0.13298414505468692	0.05283206338535898	0.26295976090530726
0.10372842446110511	0.14441404613718867	0.13298101918648011	0.05290466004619107	0.26297646356391996
0.10424810171831202	0.14440430523469797	0.13298101918648011	0.052938948708909785	0.26295976090530726
0.10477480099741461	0.14439472466007142	0.13298414505468692	0.052813892317623706	0.26273039247620084
0.10530779167812646	0.1443851892419217	0.13298414505468692	0.05283206338535898	0.26270848009180275
0.1058435013689093	0.14437582869440385	0.13298414505468692	0.05216997320385	0.2620312031051426
0.10638197753665321	0.14436650653041286	0.13298565259344874	0.05197379874427733	0.26177332033502815
0.10692707472680987	0.14435730566206173	0.1329924163666687	0.05295725213115093	0.26270848009180275
0.10747718884685703	0.14434820831100528	0.13298993253026	0.052677127206834075	0.26236585370657617
0.10803022198326834	0.14433933677314661	0.13299061973991602	0.05277281005846681	0.2623860018758879
0.1085899826032697	0.14433068849370145	0.13298898823853902	0.05277281005846681	0.2623323304493086
0.109153716393965	0.14432233319778584	0.13299061973991602	0.0528104554631596	0.2623323304493086
0.10972407591571665	0.14431412067883717	0.1329924163666687	0.052219012290673314	0.2617889284240927
0.11029633878668542	0.14430614815192797	0.13299298742786825	0.05283395115910816	0.26236585370657617
0.11087643072419688	0.14429831146626473	0.13299343284199713	0.05289588892973102	0.2623323304493086
0.11146039058141423	0.14429062096416492	0.13299441104807894	0.05274021963355905	0.26213247444720467
0.11204920844537719	0.1442836171500315	0.13299343284199713	0.05268347035843677	0.2620040831464883
0.1126462464050103	0.1442779894010637	0.1329992690607948	0.05278265161288352	0.2620101398753209
0.11324820016626595	0.14427264409420135	0.1329992690607948	0.051806938248794385	0.2609173495562635
0.11385488745935976	0.1442674895134723	0.1329992690607948	0.05189034522555182	0.2609173495562635
0.11446560028701654	0.14426245538601745	0.13300002045529327	0.0519863086538499	0.2609680849214746
0.11508539211011598	0.14425731554623958	0.13300342398276957	0.051977286754629155	0.2609173495562635
0.11570369124854248	0.14425238901728768	0.13300468142588998	0.05290466004619107	0.26176310824352406
0.11633228588312708	0.14424746291228974	0.13301315506950706	0.051806938248794385	0.26062886951710384
0.1169673145950341	0.14424251284073375	0.13301361578553303	0.05190650057793389	0.2606391543694615
0.11761169376048938	0.14423739881218628	0.13302395991793808	0.05380676458054945	0.262501962936932
0.11825825513318286	0.1442322581951634	0.13302408571710655	0.05233137062314231	0.26093621439901055
0.11890989390256215	0.14422719641655588	0.13302920605942184	0.05195766007789964	0.26049417806748093
0.11956686698086591	0.14422227827696554	0.1330298502789068	0.0519863086538499	0.26047094387313413
0.12023035318800962	0.14421737466064258	0.13303763056388784	0.05342132433396572	0.2618581755338823
0.12090364011781131	0.14421223400640468	0.13304176867825634	0.052616007573971044	0.2610297750268665
0.12158389780079953	0.14420711990950777	0.13304869777214984	0.05342132433396572	0.2617797026067502
0.12226725549843268	0.14420207857917516	0.13306004900981377	0.052207167062075996	0.26049417806748093
0.12295514703267364	0.14419710307601202	0.1330620288825789	0.05375413712436498	0.2620040831464883
0.12365234182881166	0.14419214558708088	0.13306324937472525	0.05283206338535898	0.2610262993619913
0.1243572298506852	0.14418727227605477	0.1330717306256302	0.05162377695992008	0.259788272615002
0.125069117673171	0.14418244688281823	0.1330759965682201	0.05190650057793389	0.2600323997292814
0.12578892290987623	0.14417768569540157	0.13308624927814036	0.05174309238808714	0.25980934450008336
0.12651142325417228	0.14417298633069095	0.1330935478938519	0.051794966142627796	0.259788272615002
0.12724513085036354	0.14416843341280797	0.1330963805283922	0.051855744150584825	0.25980934450008336
0.12798379081001163	0.1441638596131483	0.1331018175538857	0.05189034522555182	0.2598272851432253
0.12873302496598937	0.144159370849788	0.13310523311819564	0.051915450549780584	0.25980934450008336
0.12949011037712696	0.14415494052292763	0.13311607223158572	0.05197379874427733	0.2598470873976088
0.13025557571177748	0.144150434343786	0.1331226849844192	0.0519863086538499	0.25980934450008336
0.1310247276276603	0.14414615894439206	0.13312572828539815	0.05197379874427733	0.259788272615002
0.13180195377545578	0.14414204421395535	0.1331263848357552	0.05184032821117244	0.25959486873898385
0.13259258211350994	0.14413882018654117	0.13313648315491028	0.05190371724116846	0.25958830571697333
0.13338651915771843	0.14413858284596623	0.1331382578370311	0.051948821885141716	0.25959486873898385
0.1341905476903419	0.1441370749054551	0.13314465599176808	0.05195766007789964	0.25959486873898385
0.13500267793328416	0.1441345096550211	0.1331487196536671	0.0519863086538499	0.25959486873898385
0.13582587867297768	0.14413201532853187	0.13315810818071885	0.0519863086538499	0.25959486873898385
0.1366553895014096	0.1441296058380787	0.13316365283065845	0.05190650057793389	0.2594818938204831
0.13749101868783997	0.1441272393136925	0.13316646926789155	0.0519070545773547	0.2594507625377606
0.13834042276644834	0.14412499866320688	0.13317581650806967	0.05197379874427733	0.2594507625377606
0.1391938948706598	0.14412289464362216	0.13317822822836295	0.052355492452147386	0.25980934450008336
0.14005861272397022	0.14412093490568378	0.13318628392831725	0.052207167062075996	0.25961370567557557
0.14093888587821857	0.14411900805224676	0.1331866355693361	0.052230923321210335	0.25959486873898385
0.14182742966290734	0.14411723586387432	0.13319238238348488	0.05230462373695146	0.25959486873898385
0.14272415745600475	0.144115611868554	0.13319357246774693	0.05233137062314231	0.25960079798123287
0.14363166222397025	0.14411399014824183	0.13320132690675301	0.052544115399262036	0.25980934450008336
0.1445441709838202	0.14411242797423893	0.1332084983808282	0.052677127206834075	0.2599130488039162
0.14546659653286012	0.1441109570344908	0.1332162772430829	0.05274021963355905	0.2599300378003931
0.1464055949830602	0.14410957854637285	0.1332240815254634	0.05268347035843677	0.25980934450008336
0.14735591413587473	0.14410832819352537	0.13323614214940255	0.05271593178420639	0.25980934450008336
0.14831264104601802	0.14410717642741616	0.1332381107207524	0.05271593178420639	0.2598057354543624
0.14928130611008328	0.14410612127086178	0.1332444808540969	0.05278265161288352	0.25980934450008336
0.15026734299804118	0.14410514114344902	0.13324563833902525	0.05278942492284165	0.25980934450008336
0.15125781269688576	0.1441043032957623	0.13325196003383444	0.05283206338535898	0.2598470873976088
0.1522638452486854	0.14410363853386476	0.13326035346531018	0.05283206338535898	0.2598057354543624
0.15328694646187252	0.14410310405399243	0.13326933315121042	0.052677127206834075	0.25959486873898385
0.15432150044077464	0.1441027328582877	0.1332771793850224	0.05274021963355905	0.25961370567557557
0.15536314941710913	0.14410258362581524	0.13328366528887248	0.05274370496985771	0.25959486873898385
0.1564203326899605	0.14410267924535236	0.1333008057065879	0.05278265161288352	0.25959486873898385
0.15748701473203114	0.14410303844385608	0.13330228309395992	0.05283395115910816	0.25959486873898385
0.15856622530266495	0.14410377126813548	0.1333134617521044	0.052695096697737046	0.2594507625377606
0.15965925684346888	0.1441048162856606	0.13332573006966159	0.052886169269755194	0.25959486873898385
0.1607683209732219	0.14410629026757424	0.133330100473394	0.05282647125198832	0.2594507625377606
0.16189351607099953	0.14410820935196253	0.13333915333012492	0.05283206338535898	0.2594507625377606
0.16303068107878788	0.14411041402202038	0.13335178418539861	0.05289588892973102	0.25947170233414324
0.1641821452839913	0.14411288286353882	0.13337071317570182	0.05283206338535898	0.2594299630154174
0.16534650213572744	0.14411551143943727	0.1333867997554921	0.05283206338535898	0.2594299630154174
0.16653791150136535	0.14411826962897797	0.1333953929375856	0.05290466004619107	0.2594727217051417
0.1677324346972884	0.1441213236392002	0.13340643429388513	0.052920259731274615	0.2594507625377606
0.1689499640649161	0.1441247709657499	0.13341597596657692	0.05290466004619107	0.25940808584309616
0.1701791762408142	0.14412849876457437	0.1334231193072197	0.05290466004619107	0.2594057615188133
0.17142636006608095	0.14413249304467887	0.1334313423386141	0.05302402276369832	0.2594507625377606
0.17268934732496077	0.1441368349458014	0.13343777811247506	0.05304228422781765	0.2594433655309374
0.1739705648111007	0.14414144897147071	0.1334487800175023	0.053043613793518234	0.2594433655309374
0.17527016812885549	0.14414637553224235	0.13345423728991215	0.05304228422781765	0.2594299630154174
0.17658415663929217	0.14415157492980105	0.1334582808540997	0.05304228422781765	0.2594299630154174
0.17791567002046735	0.14415712285277543	0.13347134458753324	0.05304228422781765	0.2594299630154174
0.17927446230623012	0.1441630566886939	0.13348661832070016	0.05302402276369832	0.25940808584309616
0.1806510977885301	0.14416928935244303	0.13350105572213758	0.05311048164245495	0.25947170233414324
0.18204651624517632	0.14417583219754435	0.13350953562673348	0.05311048164245495	0.25947170233414324
0.18346347711365382	0.1441826512129107	0.13352776029728233	0.05313279234490027	0.2594507625377606
0.1848915027404057	0.14418982489063184	0.1335452952419429	0.05311556956315487	0.25947170233414324
0.1863461978976957	0.14419732687198974	0.13356328386244626	0.05302402276369832	0.25940808584309616
0.18781987454591098	0.14420519404542595	0.13357197075007649	0.05304228422781765	0.2594433655309374
0.18932798644908141	0.14421357037385596	0.13358440530122745	0.05302402276369832	0.25944679710509216
0.19085493464041775	0.144222214688894	0.13360043374916936	0.052920259731274615	0.2593622763230602
0.19239839332843317	0.14423057603736886	0.13361692961255742	0.05302402276369832	0.2594507625377606
0.19396605158950023	0.14423810190957542	0.13363134496902607	0.05304228422781765	0.2594507625377606
0.1955584887674037	0.14424764733601056	0.13364932592679907	0.05302402276369832	0.25944679710509216
0.1971768549629154	0.14425747092618485	0.13366921751589755	0.05302402276369832	0.25944679710509216
0.19881788476767842	0.14426820151521005	0.1336932714512244	0.05338276866632197	0.25980934450008336
0.2004957760610337	0.14427935867464056	0.13371046341698187	0.05338276866632197	0.25980934450008336
0.20219444361137734	0.144290498394037	0.13372547663716847	0.05304228422781765	0.25947170233414324
0.20391763369031232	0.14430188349342232	0.13374366743226138	0.052886169269755194	0.2593284962971689
0.20567843688671475	0.14431362359001493	0.13376299482069529	0.05302402276369832	0.25947170233414324
0.20745221103111597	0.14432556598004137	0.13378040477223932	0.052886169269755194	0.2593622763230602
0.20924683689373683	0.14433798958182592	0.13379812219665774	0.05296684662183591	0.25947170233414324
0.2110904025605646	0.14435172167693913	0.13381648782514044	0.052932782596072356	0.2594507625377606
0.21295513150485249	0.14436629191217495	0.1338405335236068	0.052938948708909785	0.2594507625377606
0.21485542528933943	0.1443813393492158	0.13385384542790577	0.052920259731274615	0.2594507625377606
0.2168052170067316	0.14439625788908794	0.13386913080275517	0.05290466004619107	0.2594507625377606
0.2187708186410319	0.144411459779345	0.13388776949666403	0.05283206338535898	0.2594299630154174
0.22078050672270771	0.14442698295386083	0.1338954972647191	0.05283206338535898	0.2594507625377606
0.22282526947268153	0.14444290284304337	0.13390709342231474	0.05283395115910816	0.25947170233414324
0.2249106543826094	0.14445793517380834	0.1339163439438044	0.05278265161288352	0.25947170233414324
0.22703150846158524	0.14447286163388298	0.13392871057795896	0.05278265161288352	0.2595279697144805
0.22919698128675542	0.1444891785081659	0.1339493660005968	0.052813892317623706	0.25959486873898385
0.23139889488280532	0.14450606522035636	0.13396857295956321	0.05278265161288352	0.25959486873898385
0.23365153642662728	0.14452333891620972	0.13399304713559054	0.05274370496985771	0.25959486873898385
0.23594150753313242	0.1445407529717135	0.13400593018451318	0.052677127206834075	0.2596153289764969
0.23826789910131715	0.14455831682681847	0.13402520674928	0.0526104556351223	0.25959486873898385
0.2406514826293968	0.1445762363297185	0.13404946904056872	0.05278265161288352	0.25980934450008336
0.24307693976551023	0.14459422935441874	0.13406256030055475	0.05274021963355905	0.2597899214114367
0.24555300656967483	0.14461233494784143	0.13407872568162912	0.05274021963355905	0.25980934450008336
0.24807424130727732	0.1446306317497155	0.13410176498826623	0.052341750654061936	0.25947170233414324
0.25065504513445164	0.14464919728101175	0.1341175067758303	0.052219012290673314	0.25940808584309616
0.2533035539345949	0.14466814807856423	0.1341369874134957	0.05283206338535898	0.2600452965615259
0.25600042110865173	0.14468697328471913	0.13415395151368767	0.052219012290673314	0.25947170233414324
0.25876410251972065	0.14470597389598577	0.1341821492142413	0.05216997320385	0.2595279697144805
0.26155841513669426	0.1447251617464945	0.13420945153965957	0.052219012290673314	0.25959486873898385
0.26442906877998523	0.1447448147579891	0.13422725186044956	0.052219012290673314	0.25961370567557557
0.2673633513038795	0.1447646151617333	0.13424079701296263	0.05200670205188849	0.2594433655309374
0.2703586311866462	0.1447845599891834	0.13425602788627064	0.05197379874427733	0.2594299630154174
0.2734204126715124	0.14480473850248615	0.13426901911658198	0.0519863086538499	0.25944679710509216
0.2765539077613659	0.14482508378391434	0.13429788618333183	0.05197379874427733	0.2594507625377606
0.2797521347917724	0.14484570335504532	0.13431317561765227	0.05195766007789964	0.2594507625377606
0.28304669717417624	0.14486673170568312	0.1343324353437391	0.05197379874427733	0.2595309293746985
0.28642321787958114	0.14488815434671037	0.1343520519812776	0.05197379874427733	0.2596064253312984
0.28987219544896936	0.14490984400040208	0.13437416973039226	0.05189034522555182	0.25959486873898385
0.2934096525776242	0.14493182334101787	0.13438780191304175	0.05283206338535898	0.26061921076037536
0.29704444102155436	0.14495422992458906	0.1343973856386381	0.05274021963355905	0.2606226887676563
0.3007758499883014	0.14497708839907006	0.13441766660992893	0.05380676458054945	0.2617797026067502
0.3046245168753286	0.14500067598553612	0.1344398016213393	0.05200670205188849	0.2600452965615259
0.30858453902612765	0.14502482888548854	0.13445328370053602	0.05290466004619107	0.26097248395363476
0.31263373144156575	0.14504953053039427	0.13447621905163773	0.05283206338535898	0.2609967826291969
0.31678328422426505	0.14507474101389564	0.13449282307199145	0.05375696684984923	0.2620040831464883
0.32107189024267546	0.14510038632294892	0.13450448854126393	0.05342132433396572	0.26173916180546924
0.3254689636819706	0.14512616401578746	0.1345245549648274	0.05335381251260053	0.2617329657625257
0.33001947274545224	0.14515216726473654	0.13454163976515268	0.05389093665447357	0.26236585370657617
0.33469558818638867	0.1451788001403523	0.13456463579273348	0.053810190384476105	0.2623860018758879
0.339513048319034	0.14520628480363346	0.1345978094599538	0.05380676458054945	0.26248973192485
0.3444893868285052	0.14523526745414594	0.13461926263286877	0.05382372594031939	0.262611902702272
0.3495968865219267	0.14526474758827151	0.13464055767504585	0.05382372594031939	0.26270848009180275
0.35489361993898144	0.1452950523863979	0.13464978812242206	0.05380676458054945	0.26276330465862013
0.36037074764771226	0.14532610605658994	0.13466037986069707	0.05394794893881033	0.2630059304348833
0.3660132140179997	0.14535745384121376	0.1346711988718967	0.05381367626826121	0.26295976090530726
0.3718627173115153	0.14538976281045327	0.13469053039144602	0.05377314750734528	0.2629826510569486
0.37789302866734	0.14542278256486474	0.13470639889843294	0.05382372594031939	0.2630797703822322
0.38415568084706586	0.14545674834339437	0.13472162159115408	0.05374297483878249	0.2631281421971949
0.39068457539842927	0.14549186204956732	0.13472567964997414	0.05360648589988058	0.26309177986009186
0.3974347201315432	0.14552780760648565	0.13473293272784892	0.05380676458054945	0.2634510120468542
0.40448431837526566	0.1455647603178585	0.1347466972275975	0.053810190384476105	0.26355663765295323
0.41182938410381087	0.1456028780437867	0.1347719172485718	0.05381367626826121	0.2636713591497841
0.41943137868836167	0.14564188613247253	0.13478473674836292	0.05375413712436498	0.26384715979669265
0.4273664904348291	0.1456818825323892	0.13479038883323904	0.05380676458054945	0.26411321062095766
0.43564725714519076	0.145723259349847	0.13479847651437324	0.053810190384476105	0.26427658295107836
0.4442818603747103	0.14576610218225508	0.13480545850738965	0.053810190384476105	0.26451175970945856
0.4533101060597763	0.14581050902479184	0.13481463946065297	0.05380676458054945	0.2647101147444743
0.46269501950634906	0.14585617148907454	0.1348226170801928	0.05342132433396572	0.2646397770865514
0.4725934464632644	0.14590374928788694	0.13483045858801787	0.05289588892973102	0.2643947398678966
0.4829862880318819	0.14595341928597685	0.1348397754545049	0.05283206338535898	0.2646329137660848
0.49396644074488577	0.14600494003910788	0.134848697072848	0.05381499292239346	0.26595175249009523
0.5054657920852642	0.14605798788820765	0.1348584713233629	0.05344828217003051	0.26595175249009523
0.5176832915547966	0.14611361255221794	0.13486963953785824	0.05377314750734528	0.266654468060682
0.5305693548261988	0.14617161317744146	0.13488304734954734	0.05274370496985771	0.2660867922668174
0.5441782647458382	0.14623190536439087	0.13489068782488883	0.05283206338535898	0.266654468060682
0.5585519228444046	0.14629454455170784	0.13489666009326876	0.05380676458054945	0.26796341356814607
0.5738970988884247	0.14636032775274646	0.13490394082832452	0.05283206338535898	0.26738302493129523
0.5903231647987554	0.146429852188658	0.13490956278839225	0.05389093665447357	0.2690203660337173
0.607919139114453	0.1465030336642827	0.13491180080393192	0.05335381251260053	0.26911611804397273
0.6267321788225771	0.1465800591845685	0.1349122149704884	0.052695096697737046	0.2690203660337173
0.6471374565693724	0.14666256000796896	0.1349151900235075	0.05290466004619107	0.26974958480271305
0.6690573178437972	0.14674959465521245	0.13491932483521193	0.05233137062314231	0.2697224709646993
0.6929156242384142	0.14684169712729916	0.13492312109246518	0.05304228422781765	0.2709842803746471
0.7189611277493076	0.1469400092493583	0.1349251377050342	0.052409926636012134	0.2709538612506364
0.7476540312817054	0.14704517527709374	0.13492776191158318	0.05216997320385	0.2714408737801991
0.7794894544808675	0.14715617406993628	0.1349303041596445	0.05283206338535898	0.2728730479108997
0.8148448364101366	0.14727520832051189	0.1349334209605465	0.05283206338535898	0.27350234327282086
0.8545719692735251	0.14740457645027255	0.13493362406431675	0.05290466004619107	0.27432543115201174
0.9003492729077861	0.14754675213809473	0.13493734505182345	0.05327414186109947	0.27531873396507667
0.952608688313429	0.14769790370989588	0.13493759335664787	0.05283206338535898	0.2754948783691204
1.0144122307029568	0.14786579303494465	0.13493772343128707	0.05290466004619107	0.27629352371495763
1.0894727574809517	0.14805580352165806	0.13493759335664787	0.052355492452147386	0.2763429283861461
1.1839130204638004	0.148277986205418	0.13493759335664787	0.05190650057793389	0.2764071214955679
1.3092480572816063	0.1485457972298865	0.13493759335664787	0.05283206338535898	0.27790285499736633
1.495922121679479	0.14889504919050775	0.13493772343128707	0.05274370496985771	0.27817012327808016
1.8626364087037568	0.14941676826425995	0.13493772343128707	0.05222018321170678	0.27813021821829476
